{"/Users/apple/Documents/codding/TECH4DEV/roqqu assesment copy/src/server.ts": {"path":"/Users/apple/Documents/codding/TECH4DEV/roqqu assesment copy/src/server.ts","statementMap":{"0":{"start":{"line":1,"column":0},"end":{"line":1,"column":30}},"1":{"start":{"line":2,"column":0},"end":{"line":2,"column":24}},"2":{"start":{"line":3,"column":0},"end":{"line":3,"column":28}},"3":{"start":{"line":4,"column":0},"end":{"line":4,"column":37}},"4":{"start":{"line":5,"column":0},"end":{"line":5,"column":45}},"5":{"start":{"line":6,"column":0},"end":{"line":6,"column":51}},"6":{"start":{"line":7,"column":0},"end":{"line":7,"column":45}},"7":{"start":{"line":8,"column":0},"end":{"line":8,"column":58}},"8":{"start":{"line":9,"column":0},"end":{"line":9,"column":48}},"9":{"start":{"line":12,"column":0},"end":{"line":12,"column":16}},"10":{"start":{"line":15,"column":12},"end":{"line":15,"column":30}},"11":{"start":{"line":18,"column":0},"end":{"line":18,"column":16}},"12":{"start":{"line":19,"column":0},"end":{"line":19,"column":24}},"13":{"start":{"line":22,"column":0},"end":{"line":22,"column":30}},"14":{"start":{"line":23,"column":0},"end":{"line":23,"column":37}},"15":{"start":{"line":24,"column":0},"end":{"line":24,"column":30}},"16":{"start":{"line":27,"column":0},"end":{"line":29,"column":5}},"17":{"start":{"line":28,"column":4},"end":{"line":28,"column":38}},"18":{"start":{"line":33,"column":0},"end":{"line":36,"column":3}},"19":{"start":{"line":34,"column":2},"end":{"line":34,"column":41}},"20":{"start":{"line":35,"column":2},"end":{"line":35,"column":17}},"21":{"start":{"line":38,"column":0},"end":{"line":41,"column":3}},"22":{"start":{"line":39,"column":2},"end":{"line":39,"column":52}},"23":{"start":{"line":40,"column":2},"end":{"line":40,"column":18}},"24":{"start":{"line":44,"column":0},"end":{"line":55,"column":1}},"25":{"start":{"line":45,"column":2},"end":{"line":47,"column":61}},"26":{"start":{"line":46,"column":16},"end":{"line":46,"column":64}},"27":{"start":{"line":47,"column":20},"end":{"line":47,"column":59}},"28":{"start":{"line":51,"column":13},"end":{"line":51,"column":37}},"29":{"start":{"line":52,"column":0},"end":{"line":54,"column":3}},"30":{"start":{"line":53,"column":2},"end":{"line":53,"column":62}},"31":{"start":{"line":56,"column":0},"end":{"line":56,"column":19}}},"fnMap":{"0":{"name":"(anonymous_1)","decl":{"start":{"line":27,"column":8},"end":{"line":27,"column":9}},"loc":{"start":{"line":27,"column":96},"end":{"line":29,"column":3}}},"1":{"name":"(anonymous_2)","decl":{"start":{"line":33,"column":21},"end":{"line":33,"column":24}},"loc":{"start":{"line":33,"column":26},"end":{"line":36,"column":1}}},"2":{"name":"(anonymous_3)","decl":{"start":{"line":38,"column":32},"end":{"line":38,"column":33}},"loc":{"start":{"line":38,"column":40},"end":{"line":41,"column":1}}},"3":{"name":"(anonymous_4)","decl":{"start":{"line":46,"column":10},"end":{"line":46,"column":13}},"loc":{"start":{"line":46,"column":16},"end":{"line":46,"column":64}}},"4":{"name":"(anonymous_5)","decl":{"start":{"line":47,"column":11},"end":{"line":47,"column":12}},"loc":{"start":{"line":47,"column":20},"end":{"line":47,"column":59}}},"5":{"name":"(anonymous_6)","decl":{"start":{"line":52,"column":17},"end":{"line":52,"column":20}},"loc":{"start":{"line":52,"column":22},"end":{"line":54,"column":1}}}},"branchMap":{"0":{"loc":{"start":{"line":44,"column":0},"end":{"line":55,"column":1}},"type":"if","locations":[{"start":{"line":44,"column":0},"end":{"line":55,"column":1}}]},"1":{"loc":{"start":{"line":51,"column":13},"end":{"line":51,"column":37}},"type":"binary-expr","locations":[{"start":{"line":51,"column":13},"end":{"line":51,"column":29}},{"start":{"line":51,"column":33},"end":{"line":51,"column":37}}]}},"s":{"0":3,"1":3,"2":3,"3":3,"4":3,"5":3,"6":3,"7":3,"8":3,"9":3,"10":3,"11":3,"12":3,"13":3,"14":3,"15":3,"16":3,"17":1,"18":3,"19":0,"20":0,"21":3,"22":0,"23":0,"24":3,"25":0,"26":0,"27":0,"28":0,"29":0,"30":0,"31":3},"f":{"0":1,"1":0,"2":0,"3":0,"4":0,"5":0},"b":{"0":[0],"1":[0,0]}}
,"/Users/apple/Documents/codding/TECH4DEV/roqqu assesment copy/src/config/database.ts": {"path":"/Users/apple/Documents/codding/TECH4DEV/roqqu assesment copy/src/config/database.ts","statementMap":{"0":{"start":{"line":1,"column":0},"end":{"line":1,"column":24}},"1":{"start":{"line":2,"column":0},"end":{"line":2,"column":28}},"2":{"start":{"line":4,"column":0},"end":{"line":4,"column":16}},"3":{"start":{"line":6,"column":11},"end":{"line":12,"column":2}},"4":{"start":{"line":14,"column":0},"end":{"line":14,"column":18}}},"fnMap":{},"branchMap":{},"s":{"0":7,"1":7,"2":7,"3":7,"4":7},"f":{},"b":{}}
,"/Users/apple/Documents/codding/TECH4DEV/roqqu assesment copy/src/config/express.ts": {"path":"/Users/apple/Documents/codding/TECH4DEV/roqqu assesment copy/src/config/express.ts","statementMap":{"0":{"start":{"line":1,"column":0},"end":{"line":1,"column":30}},"1":{"start":{"line":3,"column":25},"end":{"line":8,"column":1}},"2":{"start":{"line":4,"column":14},"end":{"line":4,"column":23}},"3":{"start":{"line":5,"column":2},"end":{"line":5,"column":26}},"4":{"start":{"line":7,"column":2},"end":{"line":7,"column":13}},"5":{"start":{"line":9,"column":0},"end":{"line":9,"column":32}}},"fnMap":{"0":{"name":"(anonymous_1)","decl":{"start":{"line":3,"column":25},"end":{"line":3,"column":28}},"loc":{"start":{"line":3,"column":30},"end":{"line":8,"column":1}}}},"branchMap":{},"s":{"0":3,"1":3,"2":3,"3":3,"4":3,"5":3},"f":{"0":3},"b":{}}
,"/Users/apple/Documents/codding/TECH4DEV/roqqu assesment copy/src/controllers/addressController.ts": {"path":"/Users/apple/Documents/codding/TECH4DEV/roqqu assesment copy/src/controllers/addressController.ts","statementMap":{"0":{"start":{"line":2,"column":0},"end":{"line":2,"column":90}},"1":{"start":{"line":5,"column":36},"end":{"line":12,"column":1}},"2":{"start":{"line":6,"column":21},"end":{"line":6,"column":31}},"3":{"start":{"line":7,"column":18},"end":{"line":7,"column":58}},"4":{"start":{"line":8,"column":2},"end":{"line":10,"column":3}},"5":{"start":{"line":9,"column":4},"end":{"line":9,"column":79}},"6":{"start":{"line":11,"column":2},"end":{"line":11,"column":61}},"7":{"start":{"line":5,"column":13},"end":{"line":5,"column":36}},"8":{"start":{"line":15,"column":39},"end":{"line":19,"column":1}},"9":{"start":{"line":16,"column":30},"end":{"line":16,"column":38}},"10":{"start":{"line":17,"column":2},"end":{"line":17,"column":43}},"11":{"start":{"line":18,"column":2},"end":{"line":18,"column":68}},"12":{"start":{"line":15,"column":13},"end":{"line":15,"column":39}},"13":{"start":{"line":22,"column":39},"end":{"line":39,"column":1}},"14":{"start":{"line":23,"column":2},"end":{"line":38,"column":3}},"15":{"start":{"line":24,"column":23},"end":{"line":24,"column":33}},"16":{"start":{"line":25,"column":24},"end":{"line":25,"column":32}},"17":{"start":{"line":27,"column":4},"end":{"line":29,"column":5}},"18":{"start":{"line":28,"column":6},"end":{"line":28,"column":76}},"19":{"start":{"line":30,"column":24},"end":{"line":30,"column":68}},"20":{"start":{"line":31,"column":4},"end":{"line":33,"column":5}},"21":{"start":{"line":32,"column":6},"end":{"line":32,"column":81}},"22":{"start":{"line":34,"column":4},"end":{"line":34,"column":70}},"23":{"start":{"line":36,"column":4},"end":{"line":36,"column":50}},"24":{"start":{"line":37,"column":4},"end":{"line":37,"column":63}},"25":{"start":{"line":22,"column":13},"end":{"line":22,"column":39}}},"fnMap":{"0":{"name":"(anonymous_0)","decl":{"start":{"line":5,"column":36},"end":{"line":5,"column":41}},"loc":{"start":{"line":5,"column":74},"end":{"line":12,"column":1}}},"1":{"name":"(anonymous_1)","decl":{"start":{"line":15,"column":39},"end":{"line":15,"column":44}},"loc":{"start":{"line":15,"column":77},"end":{"line":19,"column":1}}},"2":{"name":"(anonymous_2)","decl":{"start":{"line":22,"column":39},"end":{"line":22,"column":44}},"loc":{"start":{"line":22,"column":77},"end":{"line":39,"column":1}}}},"branchMap":{"0":{"loc":{"start":{"line":8,"column":2},"end":{"line":10,"column":3}},"type":"if","locations":[{"start":{"line":8,"column":2},"end":{"line":10,"column":3}}]},"1":{"loc":{"start":{"line":27,"column":4},"end":{"line":29,"column":5}},"type":"if","locations":[{"start":{"line":27,"column":4},"end":{"line":29,"column":5}}]},"2":{"loc":{"start":{"line":31,"column":4},"end":{"line":33,"column":5}},"type":"if","locations":[{"start":{"line":31,"column":4},"end":{"line":33,"column":5}}]}},"s":{"0":3,"1":3,"2":2,"3":2,"4":2,"5":1,"6":1,"7":3,"8":3,"9":1,"10":1,"11":1,"12":3,"13":3,"14":1,"15":1,"16":1,"17":1,"18":0,"19":1,"20":1,"21":0,"22":1,"23":0,"24":0,"25":3},"f":{"0":2,"1":1,"2":1},"b":{"0":[1],"1":[0],"2":[0]}}
,"/Users/apple/Documents/codding/TECH4DEV/roqqu assesment copy/src/controllers/postController.ts": {"path":"/Users/apple/Documents/codding/TECH4DEV/roqqu assesment copy/src/controllers/postController.ts","statementMap":{"0":{"start":{"line":2,"column":0},"end":{"line":2,"column":77}},"1":{"start":{"line":3,"column":0},"end":{"line":3,"column":36}},"2":{"start":{"line":6,"column":34},"end":{"line":18,"column":1}},"3":{"start":{"line":7,"column":21},"end":{"line":7,"column":30}},"4":{"start":{"line":8,"column":16},"end":{"line":8,"column":52}},"5":{"start":{"line":9,"column":2},"end":{"line":11,"column":3}},"6":{"start":{"line":10,"column":4},"end":{"line":10,"column":77}},"7":{"start":{"line":13,"column":2},"end":{"line":17,"column":5}},"8":{"start":{"line":6,"column":13},"end":{"line":6,"column":34}},"9":{"start":{"line":21,"column":36},"end":{"line":31,"column":1}},"10":{"start":{"line":22,"column":34},"end":{"line":22,"column":42}},"11":{"start":{"line":24,"column":21},"end":{"line":24,"column":77}},"12":{"start":{"line":25,"column":0},"end":{"line":27,"column":1}},"13":{"start":{"line":26,"column":2},"end":{"line":26,"column":111}},"14":{"start":{"line":28,"column":2},"end":{"line":28,"column":44}},"15":{"start":{"line":30,"column":2},"end":{"line":30,"column":65}},"16":{"start":{"line":21,"column":13},"end":{"line":21,"column":36}},"17":{"start":{"line":34,"column":36},"end":{"line":40,"column":1}},"18":{"start":{"line":35,"column":17},"end":{"line":35,"column":27}},"19":{"start":{"line":37,"column":2},"end":{"line":37,"column":31}},"20":{"start":{"line":39,"column":2},"end":{"line":39,"column":65}},"21":{"start":{"line":34,"column":13},"end":{"line":34,"column":36}}},"fnMap":{"0":{"name":"(anonymous_1)","decl":{"start":{"line":6,"column":34},"end":{"line":6,"column":39}},"loc":{"start":{"line":6,"column":72},"end":{"line":18,"column":1}}},"1":{"name":"(anonymous_2)","decl":{"start":{"line":21,"column":36},"end":{"line":21,"column":41}},"loc":{"start":{"line":21,"column":74},"end":{"line":31,"column":1}}},"2":{"name":"(anonymous_3)","decl":{"start":{"line":34,"column":36},"end":{"line":34,"column":41}},"loc":{"start":{"line":34,"column":74},"end":{"line":40,"column":1}}}},"branchMap":{"0":{"loc":{"start":{"line":9,"column":2},"end":{"line":11,"column":3}},"type":"if","locations":[{"start":{"line":9,"column":2},"end":{"line":11,"column":3}}]},"1":{"loc":{"start":{"line":25,"column":0},"end":{"line":27,"column":1}},"type":"if","locations":[{"start":{"line":25,"column":0},"end":{"line":27,"column":1}}]}},"s":{"0":3,"1":3,"2":3,"3":2,"4":2,"5":2,"6":1,"7":1,"8":3,"9":3,"10":2,"11":2,"12":2,"13":0,"14":2,"15":2,"16":3,"17":3,"18":1,"19":1,"20":1,"21":3},"f":{"0":2,"1":2,"2":1},"b":{"0":[1],"1":[0]}}
,"/Users/apple/Documents/codding/TECH4DEV/roqqu assesment copy/src/controllers/userController.ts": {"path":"/Users/apple/Documents/codding/TECH4DEV/roqqu assesment copy/src/controllers/userController.ts","statementMap":{"0":{"start":{"line":2,"column":0},"end":{"line":2,"column":75}},"1":{"start":{"line":3,"column":0},"end":{"line":3,"column":36}},"2":{"start":{"line":6,"column":34},"end":{"line":21,"column":1}},"3":{"start":{"line":7,"column":35},"end":{"line":7,"column":44}},"4":{"start":{"line":8,"column":17},"end":{"line":8,"column":60}},"5":{"start":{"line":10,"column":16},"end":{"line":10,"column":56}},"6":{"start":{"line":11,"column":2},"end":{"line":13,"column":3}},"7":{"start":{"line":12,"column":4},"end":{"line":12,"column":63}},"8":{"start":{"line":14,"column":2},"end":{"line":20,"column":5}},"9":{"start":{"line":6,"column":13},"end":{"line":6,"column":34}},"10":{"start":{"line":24,"column":39},"end":{"line":27,"column":1}},"11":{"start":{"line":25,"column":16},"end":{"line":25,"column":37}},"12":{"start":{"line":26,"column":2},"end":{"line":26,"column":22}},"13":{"start":{"line":24,"column":13},"end":{"line":24,"column":39}},"14":{"start":{"line":30,"column":37},"end":{"line":36,"column":1}},"15":{"start":{"line":31,"column":15},"end":{"line":31,"column":55}},"16":{"start":{"line":32,"column":2},"end":{"line":34,"column":3}},"17":{"start":{"line":33,"column":4},"end":{"line":33,"column":63}},"18":{"start":{"line":35,"column":2},"end":{"line":35,"column":17}},"19":{"start":{"line":30,"column":13},"end":{"line":30,"column":37}},"20":{"start":{"line":39,"column":36},"end":{"line":43,"column":1}},"21":{"start":{"line":40,"column":26},"end":{"line":40,"column":34}},"22":{"start":{"line":41,"column":19},"end":{"line":41,"column":76}},"23":{"start":{"line":42,"column":2},"end":{"line":42,"column":73}},"24":{"start":{"line":39,"column":13},"end":{"line":39,"column":36}}},"fnMap":{"0":{"name":"(anonymous_1)","decl":{"start":{"line":6,"column":34},"end":{"line":6,"column":39}},"loc":{"start":{"line":6,"column":72},"end":{"line":21,"column":1}}},"1":{"name":"(anonymous_2)","decl":{"start":{"line":24,"column":39},"end":{"line":24,"column":44}},"loc":{"start":{"line":24,"column":78},"end":{"line":27,"column":1}}},"2":{"name":"(anonymous_3)","decl":{"start":{"line":30,"column":37},"end":{"line":30,"column":42}},"loc":{"start":{"line":30,"column":75},"end":{"line":36,"column":1}}},"3":{"name":"(anonymous_4)","decl":{"start":{"line":39,"column":36},"end":{"line":39,"column":41}},"loc":{"start":{"line":39,"column":74},"end":{"line":43,"column":1}}}},"branchMap":{"0":{"loc":{"start":{"line":11,"column":2},"end":{"line":13,"column":3}},"type":"if","locations":[{"start":{"line":11,"column":2},"end":{"line":13,"column":3}}]},"1":{"loc":{"start":{"line":32,"column":2},"end":{"line":34,"column":3}},"type":"if","locations":[{"start":{"line":32,"column":2},"end":{"line":34,"column":3}}]}},"s":{"0":3,"1":3,"2":3,"3":3,"4":3,"5":3,"6":3,"7":2,"8":1,"9":3,"10":3,"11":1,"12":1,"13":3,"14":3,"15":0,"16":0,"17":0,"18":0,"19":3,"20":3,"21":1,"22":1,"23":0,"24":3},"f":{"0":3,"1":1,"2":0,"3":1},"b":{"0":[2],"1":[0]}}
,"/Users/apple/Documents/codding/TECH4DEV/roqqu assesment copy/src/middlewares/addressValidation.ts": {"path":"/Users/apple/Documents/codding/TECH4DEV/roqqu assesment copy/src/middlewares/addressValidation.ts","statementMap":{"0":{"start":{"line":2,"column":0},"end":{"line":2,"column":60}},"1":{"start":{"line":3,"column":0},"end":{"line":3,"column":60}},"2":{"start":{"line":6,"column":13},"end":{"line":18,"column":2}},"3":{"start":{"line":11,"column":19},"end":{"line":11,"column":40}},"4":{"start":{"line":12,"column":4},"end":{"line":15,"column":5}},"5":{"start":{"line":13,"column":6},"end":{"line":13,"column":55}},"6":{"start":{"line":14,"column":6},"end":{"line":14,"column":13}},"7":{"start":{"line":16,"column":4},"end":{"line":16,"column":11}},"8":{"start":{"line":20,"column":13},"end":{"line":31,"column":4}},"9":{"start":{"line":24,"column":21},"end":{"line":24,"column":42}},"10":{"start":{"line":25,"column":6},"end":{"line":28,"column":7}},"11":{"start":{"line":26,"column":8},"end":{"line":26,"column":57}},"12":{"start":{"line":27,"column":8},"end":{"line":27,"column":15}},"13":{"start":{"line":29,"column":6},"end":{"line":29,"column":13}},"14":{"start":{"line":34,"column":36},"end":{"line":46,"column":1}},"15":{"start":{"line":35,"column":17},"end":{"line":35,"column":61}},"16":{"start":{"line":36,"column":2},"end":{"line":45,"column":3}},"17":{"start":{"line":37,"column":28},"end":{"line":37,"column":60}},"18":{"start":{"line":38,"column":4},"end":{"line":41,"column":5}},"19":{"start":{"line":39,"column":6},"end":{"line":39,"column":71}},"20":{"start":{"line":40,"column":6},"end":{"line":40,"column":13}},"21":{"start":{"line":42,"column":4},"end":{"line":42,"column":11}},"22":{"start":{"line":44,"column":4},"end":{"line":44,"column":16}},"23":{"start":{"line":34,"column":13},"end":{"line":34,"column":36}},"24":{"start":{"line":49,"column":37},"end":{"line":62,"column":1}},"25":{"start":{"line":50,"column":17},"end":{"line":50,"column":42}},"26":{"start":{"line":52,"column":2},"end":{"line":61,"column":3}},"27":{"start":{"line":53,"column":28},"end":{"line":53,"column":60}},"28":{"start":{"line":54,"column":4},"end":{"line":57,"column":5}},"29":{"start":{"line":55,"column":6},"end":{"line":55,"column":61}},"30":{"start":{"line":56,"column":6},"end":{"line":56,"column":13}},"31":{"start":{"line":58,"column":4},"end":{"line":58,"column":11}},"32":{"start":{"line":60,"column":4},"end":{"line":60,"column":16}},"33":{"start":{"line":49,"column":13},"end":{"line":49,"column":37}}},"fnMap":{"0":{"name":"(anonymous_0)","decl":{"start":{"line":10,"column":2},"end":{"line":10,"column":3}},"loc":{"start":{"line":10,"column":60},"end":{"line":17,"column":3}}},"1":{"name":"(anonymous_1)","decl":{"start":{"line":23,"column":4},"end":{"line":23,"column":5}},"loc":{"start":{"line":23,"column":62},"end":{"line":30,"column":5}}},"2":{"name":"(anonymous_2)","decl":{"start":{"line":34,"column":36},"end":{"line":34,"column":41}},"loc":{"start":{"line":34,"column":109},"end":{"line":46,"column":1}}},"3":{"name":"(anonymous_3)","decl":{"start":{"line":49,"column":37},"end":{"line":49,"column":42}},"loc":{"start":{"line":49,"column":110},"end":{"line":62,"column":1}}}},"branchMap":{"0":{"loc":{"start":{"line":12,"column":4},"end":{"line":15,"column":5}},"type":"if","locations":[{"start":{"line":12,"column":4},"end":{"line":15,"column":5}}]},"1":{"loc":{"start":{"line":25,"column":6},"end":{"line":28,"column":7}},"type":"if","locations":[{"start":{"line":25,"column":6},"end":{"line":28,"column":7}}]},"2":{"loc":{"start":{"line":35,"column":24},"end":{"line":35,"column":60}},"type":"binary-expr","locations":[{"start":{"line":35,"column":24},"end":{"line":35,"column":39}},{"start":{"line":35,"column":43},"end":{"line":35,"column":60}}]},"3":{"loc":{"start":{"line":38,"column":4},"end":{"line":41,"column":5}},"type":"if","locations":[{"start":{"line":38,"column":4},"end":{"line":41,"column":5}}]},"4":{"loc":{"start":{"line":54,"column":4},"end":{"line":57,"column":5}},"type":"if","locations":[{"start":{"line":54,"column":4},"end":{"line":57,"column":5}}]}},"s":{"0":3,"1":3,"2":3,"3":3,"4":3,"5":1,"6":1,"7":2,"8":3,"9":3,"10":3,"11":1,"12":1,"13":2,"14":3,"15":2,"16":2,"17":2,"18":2,"19":1,"20":1,"21":1,"22":0,"23":3,"24":3,"25":2,"26":2,"27":2,"28":2,"29":1,"30":1,"31":1,"32":0,"33":3},"f":{"0":3,"1":3,"2":2,"3":2},"b":{"0":[1],"1":[1],"2":[2,0],"3":[1],"4":[1]}}
,"/Users/apple/Documents/codding/TECH4DEV/roqqu assesment copy/src/middlewares/errorHandler.ts": {"path":"/Users/apple/Documents/codding/TECH4DEV/roqqu assesment copy/src/middlewares/errorHandler.ts","statementMap":{"0":{"start":{"line":4,"column":28},"end":{"line":17,"column":1}},"1":{"start":{"line":10,"column":2},"end":{"line":10,"column":39}},"2":{"start":{"line":12,"column":2},"end":{"line":14,"column":3}},"3":{"start":{"line":13,"column":4},"end":{"line":13,"column":56}},"4":{"start":{"line":16,"column":2},"end":{"line":16,"column":59}},"5":{"start":{"line":4,"column":13},"end":{"line":4,"column":28}}},"fnMap":{"0":{"name":"(anonymous_0)","decl":{"start":{"line":4,"column":28},"end":{"line":4,"column":null}},"loc":{"start":{"line":9,"column":4},"end":{"line":17,"column":1}}}},"branchMap":{"0":{"loc":{"start":{"line":12,"column":2},"end":{"line":14,"column":3}},"type":"if","locations":[{"start":{"line":12,"column":2},"end":{"line":14,"column":3}}]}},"s":{"0":3,"1":1,"2":1,"3":0,"4":1,"5":3},"f":{"0":1},"b":{"0":[0]}}
,"/Users/apple/Documents/codding/TECH4DEV/roqqu assesment copy/src/middlewares/postValidation.ts": {"path":"/Users/apple/Documents/codding/TECH4DEV/roqqu assesment copy/src/middlewares/postValidation.ts","statementMap":{"0":{"start":{"line":2,"column":0},"end":{"line":2,"column":60}},"1":{"start":{"line":3,"column":0},"end":{"line":3,"column":36}},"2":{"start":{"line":4,"column":0},"end":{"line":4,"column":50}},"3":{"start":{"line":5,"column":0},"end":{"line":5,"column":50}},"4":{"start":{"line":8,"column":13},"end":{"line":19,"column":2}},"5":{"start":{"line":12,"column":19},"end":{"line":12,"column":40}},"6":{"start":{"line":13,"column":4},"end":{"line":16,"column":5}},"7":{"start":{"line":14,"column":6},"end":{"line":14,"column":55}},"8":{"start":{"line":15,"column":6},"end":{"line":15,"column":13}},"9":{"start":{"line":17,"column":4},"end":{"line":17,"column":18}},"10":{"start":{"line":22,"column":13},"end":{"line":56,"column":2}},"11":{"start":{"line":28,"column":36},"end":{"line":28,"column":44}},"12":{"start":{"line":30,"column":19},"end":{"line":30,"column":40}},"13":{"start":{"line":31,"column":4},"end":{"line":34,"column":5}},"14":{"start":{"line":32,"column":6},"end":{"line":32,"column":55}},"15":{"start":{"line":33,"column":6},"end":{"line":33,"column":13}},"16":{"start":{"line":36,"column":4},"end":{"line":54,"column":5}},"17":{"start":{"line":38,"column":19},"end":{"line":38,"column":52}},"18":{"start":{"line":39,"column":6},"end":{"line":42,"column":7}},"19":{"start":{"line":40,"column":8},"end":{"line":40,"column":60}},"20":{"start":{"line":41,"column":8},"end":{"line":41,"column":15}},"21":{"start":{"line":45,"column":27},"end":{"line":45,"column":83}},"22":{"start":{"line":46,"column":6},"end":{"line":49,"column":7}},"23":{"start":{"line":47,"column":8},"end":{"line":47,"column":110}},"24":{"start":{"line":48,"column":8},"end":{"line":48,"column":15}},"25":{"start":{"line":51,"column":6},"end":{"line":51,"column":20}},"26":{"start":{"line":53,"column":6},"end":{"line":53,"column":25}},"27":{"start":{"line":59,"column":34},"end":{"line":72,"column":1}},"28":{"start":{"line":60,"column":17},"end":{"line":60,"column":38}},"29":{"start":{"line":62,"column":2},"end":{"line":71,"column":3}},"30":{"start":{"line":63,"column":17},"end":{"line":63,"column":42}},"31":{"start":{"line":64,"column":4},"end":{"line":67,"column":5}},"32":{"start":{"line":65,"column":6},"end":{"line":65,"column":58}},"33":{"start":{"line":66,"column":6},"end":{"line":66,"column":13}},"34":{"start":{"line":68,"column":4},"end":{"line":68,"column":18}},"35":{"start":{"line":70,"column":4},"end":{"line":70,"column":23}},"36":{"start":{"line":59,"column":13},"end":{"line":59,"column":34}},"37":{"start":{"line":74,"column":13},"end":{"line":84,"column":4}},"38":{"start":{"line":78,"column":21},"end":{"line":78,"column":42}},"39":{"start":{"line":79,"column":6},"end":{"line":81,"column":7}},"40":{"start":{"line":80,"column":8},"end":{"line":80,"column":64}},"41":{"start":{"line":82,"column":6},"end":{"line":82,"column":13}}},"fnMap":{"0":{"name":"(anonymous_1)","decl":{"start":{"line":11,"column":2},"end":{"line":11,"column":3}},"loc":{"start":{"line":11,"column":60},"end":{"line":18,"column":3}}},"1":{"name":"(anonymous_2)","decl":{"start":{"line":27,"column":2},"end":{"line":27,"column":7}},"loc":{"start":{"line":27,"column":75},"end":{"line":55,"column":3}}},"2":{"name":"(anonymous_3)","decl":{"start":{"line":59,"column":34},"end":{"line":59,"column":39}},"loc":{"start":{"line":59,"column":107},"end":{"line":72,"column":1}}},"3":{"name":"(anonymous_4)","decl":{"start":{"line":77,"column":4},"end":{"line":77,"column":5}},"loc":{"start":{"line":77,"column":56},"end":{"line":83,"column":5}}}},"branchMap":{"0":{"loc":{"start":{"line":13,"column":4},"end":{"line":16,"column":5}},"type":"if","locations":[{"start":{"line":13,"column":4},"end":{"line":16,"column":5}}]},"1":{"loc":{"start":{"line":31,"column":4},"end":{"line":34,"column":5}},"type":"if","locations":[{"start":{"line":31,"column":4},"end":{"line":34,"column":5}}]},"2":{"loc":{"start":{"line":39,"column":6},"end":{"line":42,"column":7}},"type":"if","locations":[{"start":{"line":39,"column":6},"end":{"line":42,"column":7}}]},"3":{"loc":{"start":{"line":46,"column":6},"end":{"line":49,"column":7}},"type":"if","locations":[{"start":{"line":46,"column":6},"end":{"line":49,"column":7}}]},"4":{"loc":{"start":{"line":64,"column":4},"end":{"line":67,"column":5}},"type":"if","locations":[{"start":{"line":64,"column":4},"end":{"line":67,"column":5}}]},"5":{"loc":{"start":{"line":79,"column":6},"end":{"line":81,"column":7}},"type":"if","locations":[{"start":{"line":79,"column":6},"end":{"line":81,"column":7}}]}},"s":{"0":3,"1":3,"2":3,"3":3,"4":3,"5":3,"6":3,"7":1,"8":1,"9":2,"10":3,"11":4,"12":4,"13":4,"14":1,"15":1,"16":3,"17":3,"18":3,"19":1,"20":1,"21":2,"22":2,"23":0,"24":0,"25":2,"26":0,"27":3,"28":3,"29":3,"30":3,"31":3,"32":2,"33":2,"34":1,"35":0,"36":3,"37":3,"38":0,"39":0,"40":0,"41":0},"f":{"0":3,"1":4,"2":3,"3":0},"b":{"0":[1],"1":[1],"2":[1],"3":[0],"4":[2],"5":[0]}}
,"/Users/apple/Documents/codding/TECH4DEV/roqqu assesment copy/src/middlewares/userValidation.ts": {"path":"/Users/apple/Documents/codding/TECH4DEV/roqqu assesment copy/src/middlewares/userValidation.ts","statementMap":{"0":{"start":{"line":2,"column":0},"end":{"line":2,"column":60}},"1":{"start":{"line":3,"column":0},"end":{"line":3,"column":36}},"2":{"start":{"line":6,"column":13},"end":{"line":29,"column":2}},"3":{"start":{"line":11,"column":19},"end":{"line":11,"column":40}},"4":{"start":{"line":12,"column":4},"end":{"line":15,"column":5}},"5":{"start":{"line":13,"column":6},"end":{"line":13,"column":55}},"6":{"start":{"line":14,"column":6},"end":{"line":14,"column":13}},"7":{"start":{"line":17,"column":4},"end":{"line":27,"column":5}},"8":{"start":{"line":18,"column":27},"end":{"line":18,"column":83}},"9":{"start":{"line":19,"column":6},"end":{"line":22,"column":7}},"10":{"start":{"line":20,"column":8},"end":{"line":20,"column":64}},"11":{"start":{"line":21,"column":8},"end":{"line":21,"column":15}},"12":{"start":{"line":24,"column":6},"end":{"line":24,"column":13}},"13":{"start":{"line":26,"column":6},"end":{"line":26,"column":18}},"14":{"start":{"line":32,"column":34},"end":{"line":45,"column":1}},"15":{"start":{"line":33,"column":15},"end":{"line":33,"column":48}},"16":{"start":{"line":34,"column":15},"end":{"line":34,"column":47}},"17":{"start":{"line":36,"column":2},"end":{"line":39,"column":3}},"18":{"start":{"line":37,"column":4},"end":{"line":37,"column":71}},"19":{"start":{"line":38,"column":4},"end":{"line":38,"column":11}},"20":{"start":{"line":41,"column":2},"end":{"line":41,"column":38}},"21":{"start":{"line":42,"column":2},"end":{"line":42,"column":36}},"22":{"start":{"line":44,"column":2},"end":{"line":44,"column":9}},"23":{"start":{"line":32,"column":13},"end":{"line":32,"column":34}},"24":{"start":{"line":48,"column":30},"end":{"line":59,"column":1}},"25":{"start":{"line":49,"column":2},"end":{"line":58,"column":3}},"26":{"start":{"line":50,"column":17},"end":{"line":50,"column":69}},"27":{"start":{"line":51,"column":4},"end":{"line":54,"column":5}},"28":{"start":{"line":52,"column":6},"end":{"line":52,"column":58}},"29":{"start":{"line":53,"column":6},"end":{"line":53,"column":13}},"30":{"start":{"line":55,"column":4},"end":{"line":55,"column":11}},"31":{"start":{"line":57,"column":4},"end":{"line":57,"column":16}},"32":{"start":{"line":48,"column":13},"end":{"line":48,"column":30}}},"fnMap":{"0":{"name":"(anonymous_1)","decl":{"start":{"line":10,"column":2},"end":{"line":10,"column":7}},"loc":{"start":{"line":10,"column":75},"end":{"line":28,"column":3}}},"1":{"name":"(anonymous_2)","decl":{"start":{"line":32,"column":34},"end":{"line":32,"column":35}},"loc":{"start":{"line":32,"column":92},"end":{"line":45,"column":1}}},"2":{"name":"(anonymous_3)","decl":{"start":{"line":48,"column":30},"end":{"line":48,"column":35}},"loc":{"start":{"line":48,"column":103},"end":{"line":59,"column":1}}}},"branchMap":{"0":{"loc":{"start":{"line":12,"column":4},"end":{"line":15,"column":5}},"type":"if","locations":[{"start":{"line":12,"column":4},"end":{"line":15,"column":5}}]},"1":{"loc":{"start":{"line":19,"column":6},"end":{"line":22,"column":7}},"type":"if","locations":[{"start":{"line":19,"column":6},"end":{"line":22,"column":7}}]},"2":{"loc":{"start":{"line":33,"column":15},"end":{"line":33,"column":48}},"type":"binary-expr","locations":[{"start":{"line":33,"column":15},"end":{"line":33,"column":43}},{"start":{"line":33,"column":47},"end":{"line":33,"column":48}}]},"3":{"loc":{"start":{"line":34,"column":15},"end":{"line":34,"column":47}},"type":"binary-expr","locations":[{"start":{"line":34,"column":15},"end":{"line":34,"column":41}},{"start":{"line":34,"column":45},"end":{"line":34,"column":47}}]},"4":{"loc":{"start":{"line":36,"column":2},"end":{"line":39,"column":3}},"type":"if","locations":[{"start":{"line":36,"column":2},"end":{"line":39,"column":3}}]},"5":{"loc":{"start":{"line":51,"column":4},"end":{"line":54,"column":5}},"type":"if","locations":[{"start":{"line":51,"column":4},"end":{"line":54,"column":5}}]}},"s":{"0":3,"1":3,"2":3,"3":3,"4":3,"5":1,"6":1,"7":2,"8":2,"9":2,"10":1,"11":1,"12":1,"13":0,"14":3,"15":3,"16":3,"17":3,"18":0,"19":0,"20":3,"21":3,"22":3,"23":3,"24":3,"25":2,"26":2,"27":2,"28":2,"29":2,"30":0,"31":0,"32":3},"f":{"0":3,"1":3,"2":2},"b":{"0":[1],"1":[1],"2":[3,1],"3":[3,0],"4":[0],"5":[2]}}
,"/Users/apple/Documents/codding/TECH4DEV/roqqu assesment copy/src/models/addressModel.ts": {"path":"/Users/apple/Documents/codding/TECH4DEV/roqqu assesment copy/src/models/addressModel.ts","statementMap":{"0":{"start":{"line":1,"column":0},"end":{"line":1,"column":36}},"1":{"start":{"line":3,"column":34},"end":{"line":4,"column":43}},"2":{"start":{"line":4,"column":2},"end":{"line":4,"column":43}},"3":{"start":{"line":3,"column":13},"end":{"line":3,"column":34}},"4":{"start":{"line":6,"column":29},"end":{"line":6,"column":84}},"5":{"start":{"line":6,"column":53},"end":{"line":6,"column":84}},"6":{"start":{"line":6,"column":13},"end":{"line":6,"column":29}},"7":{"start":{"line":8,"column":29},"end":{"line":14,"column":1}},"8":{"start":{"line":9,"column":18},"end":{"line":11,"column":36}},"9":{"start":{"line":13,"column":2},"end":{"line":13,"column":17}},"10":{"start":{"line":8,"column":13},"end":{"line":8,"column":29}}},"fnMap":{"0":{"name":"(anonymous_1)","decl":{"start":{"line":3,"column":34},"end":{"line":3,"column":39}},"loc":{"start":{"line":4,"column":2},"end":{"line":4,"column":43}}},"1":{"name":"(anonymous_2)","decl":{"start":{"line":6,"column":29},"end":{"line":6,"column":34}},"loc":{"start":{"line":6,"column":53},"end":{"line":6,"column":84}}},"2":{"name":"(anonymous_3)","decl":{"start":{"line":8,"column":29},"end":{"line":8,"column":34}},"loc":{"start":{"line":8,"column":74},"end":{"line":14,"column":1}}}},"branchMap":{},"s":{"0":3,"1":3,"2":0,"3":3,"4":3,"5":0,"6":3,"7":3,"8":0,"9":0,"10":3},"f":{"0":0,"1":0,"2":0},"b":{}}
,"/Users/apple/Documents/codding/TECH4DEV/roqqu assesment copy/src/models/postModel.ts": {"path":"/Users/apple/Documents/codding/TECH4DEV/roqqu assesment copy/src/models/postModel.ts","statementMap":{"0":{"start":{"line":1,"column":0},"end":{"line":1,"column":36}},"1":{"start":{"line":3,"column":30},"end":{"line":5,"column":1}},"2":{"start":{"line":4,"column":2},"end":{"line":4,"column":51}},"3":{"start":{"line":3,"column":13},"end":{"line":3,"column":30}},"4":{"start":{"line":7,"column":26},"end":{"line":9,"column":1}},"5":{"start":{"line":8,"column":2},"end":{"line":8,"column":34}},"6":{"start":{"line":7,"column":13},"end":{"line":7,"column":26}},"7":{"start":{"line":11,"column":27},"end":{"line":13,"column":1}},"8":{"start":{"line":12,"column":2},"end":{"line":12,"column":43}},"9":{"start":{"line":11,"column":13},"end":{"line":11,"column":27}},"10":{"start":{"line":15,"column":26},"end":{"line":17,"column":1}},"11":{"start":{"line":16,"column":2},"end":{"line":16,"column":41}},"12":{"start":{"line":15,"column":13},"end":{"line":15,"column":26}}},"fnMap":{"0":{"name":"(anonymous_1)","decl":{"start":{"line":3,"column":30},"end":{"line":3,"column":35}},"loc":{"start":{"line":3,"column":55},"end":{"line":5,"column":1}}},"1":{"name":"(anonymous_2)","decl":{"start":{"line":7,"column":26},"end":{"line":7,"column":31}},"loc":{"start":{"line":7,"column":46},"end":{"line":9,"column":1}}},"2":{"name":"(anonymous_3)","decl":{"start":{"line":11,"column":27},"end":{"line":11,"column":32}},"loc":{"start":{"line":11,"column":48},"end":{"line":13,"column":1}}},"3":{"name":"(anonymous_4)","decl":{"start":{"line":15,"column":26},"end":{"line":15,"column":31}},"loc":{"start":{"line":15,"column":47},"end":{"line":17,"column":1}}}},"branchMap":{},"s":{"0":3,"1":3,"2":0,"3":3,"4":3,"5":0,"6":3,"7":3,"8":0,"9":3,"10":3,"11":0,"12":3},"f":{"0":0,"1":0,"2":0,"3":0},"b":{}}
,"/Users/apple/Documents/codding/TECH4DEV/roqqu assesment copy/src/models/userModel.ts": {"path":"/Users/apple/Documents/codding/TECH4DEV/roqqu assesment copy/src/models/userModel.ts","statementMap":{"0":{"start":{"line":1,"column":0},"end":{"line":1,"column":36}},"1":{"start":{"line":4,"column":29},"end":{"line":13,"column":1}},"2":{"start":{"line":5,"column":17},"end":{"line":5,"column":62}},"3":{"start":{"line":7,"column":2},"end":{"line":9,"column":3}},"4":{"start":{"line":8,"column":4},"end":{"line":8,"column":24}},"5":{"start":{"line":12,"column":2},"end":{"line":12,"column":57}},"6":{"start":{"line":4,"column":13},"end":{"line":4,"column":29}},"7":{"start":{"line":16,"column":24},"end":{"line":21,"column":19}},"8":{"start":{"line":17,"column":2},"end":{"line":21,"column":19}},"9":{"start":{"line":16,"column":13},"end":{"line":16,"column":24}},"10":{"start":{"line":24,"column":27},"end":{"line":29,"column":12}},"11":{"start":{"line":25,"column":2},"end":{"line":29,"column":12}},"12":{"start":{"line":24,"column":13},"end":{"line":24,"column":27}},"13":{"start":{"line":32,"column":26},"end":{"line":37,"column":1}},"14":{"start":{"line":33,"column":2},"end":{"line":35,"column":3}},"15":{"start":{"line":34,"column":4},"end":{"line":34,"column":52}},"16":{"start":{"line":36,"column":2},"end":{"line":36,"column":34}},"17":{"start":{"line":32,"column":13},"end":{"line":32,"column":26}}},"fnMap":{"0":{"name":"(anonymous_1)","decl":{"start":{"line":4,"column":29},"end":{"line":4,"column":34}},"loc":{"start":{"line":4,"column":68},"end":{"line":13,"column":1}}},"1":{"name":"(anonymous_2)","decl":{"start":{"line":16,"column":24},"end":{"line":16,"column":25}},"loc":{"start":{"line":17,"column":2},"end":{"line":21,"column":19}}},"2":{"name":"(anonymous_3)","decl":{"start":{"line":24,"column":27},"end":{"line":24,"column":32}},"loc":{"start":{"line":25,"column":2},"end":{"line":29,"column":12}}},"3":{"name":"(anonymous_4)","decl":{"start":{"line":32,"column":26},"end":{"line":32,"column":31}},"loc":{"start":{"line":32,"column":46},"end":{"line":37,"column":1}}}},"branchMap":{"0":{"loc":{"start":{"line":7,"column":2},"end":{"line":9,"column":3}},"type":"if","locations":[{"start":{"line":7,"column":2},"end":{"line":9,"column":3}}]},"1":{"loc":{"start":{"line":7,"column":6},"end":{"line":7,"column":30}},"type":"binary-expr","locations":[{"start":{"line":7,"column":6},"end":{"line":7,"column":13}},{"start":{"line":7,"column":17},"end":{"line":7,"column":30}}]},"2":{"loc":{"start":{"line":33,"column":2},"end":{"line":35,"column":3}},"type":"if","locations":[{"start":{"line":33,"column":2},"end":{"line":35,"column":3}}]}},"s":{"0":3,"1":3,"2":0,"3":0,"4":0,"5":0,"6":3,"7":3,"8":0,"9":3,"10":3,"11":0,"12":3,"13":3,"14":0,"15":0,"16":0,"17":3},"f":{"0":0,"1":0,"2":0,"3":0},"b":{"0":[0],"1":[0,0],"2":[0]}}
,"/Users/apple/Documents/codding/TECH4DEV/roqqu assesment copy/src/routes/addressRoutes.ts": {"path":"/Users/apple/Documents/codding/TECH4DEV/roqqu assesment copy/src/routes/addressRoutes.ts","statementMap":{"0":{"start":{"line":19,"column":0},"end":{"line":19,"column":30}},"1":{"start":{"line":20,"column":0},"end":{"line":20,"column":null}},"2":{"start":{"line":25,"column":0},"end":{"line":25,"column":53}},"3":{"start":{"line":26,"column":0},"end":{"line":26,"column":140}},"4":{"start":{"line":28,"column":15},"end":{"line":28,"column":31}},"5":{"start":{"line":30,"column":0},"end":{"line":30,"column":59}},"6":{"start":{"line":32,"column":0},"end":{"line":32,"column":105}},"7":{"start":{"line":34,"column":0},"end":{"line":34,"column":115}},"8":{"start":{"line":36,"column":0},"end":{"line":36,"column":22}}},"fnMap":{},"branchMap":{},"s":{"0":3,"1":3,"2":3,"3":3,"4":3,"5":3,"6":3,"7":3,"8":3},"f":{},"b":{}}
,"/Users/apple/Documents/codding/TECH4DEV/roqqu assesment copy/src/routes/postRoutes.ts": {"path":"/Users/apple/Documents/codding/TECH4DEV/roqqu assesment copy/src/routes/postRoutes.ts","statementMap":{"0":{"start":{"line":20,"column":0},"end":{"line":20,"column":30}},"1":{"start":{"line":21,"column":0},"end":{"line":21,"column":null}},"2":{"start":{"line":26,"column":0},"end":{"line":26,"column":53}},"3":{"start":{"line":27,"column":0},"end":{"line":27,"column":105}},"4":{"start":{"line":29,"column":15},"end":{"line":29,"column":31}},"5":{"start":{"line":32,"column":0},"end":{"line":32,"column":68}},"6":{"start":{"line":35,"column":0},"end":{"line":35,"column":73}},"7":{"start":{"line":38,"column":0},"end":{"line":38,"column":78}},"8":{"start":{"line":40,"column":0},"end":{"line":40,"column":22}}},"fnMap":{},"branchMap":{},"s":{"0":3,"1":3,"2":3,"3":3,"4":3,"5":3,"6":3,"7":3,"8":3},"f":{},"b":{}}
,"/Users/apple/Documents/codding/TECH4DEV/roqqu assesment copy/src/routes/userRoutes.ts": {"path":"/Users/apple/Documents/codding/TECH4DEV/roqqu assesment copy/src/routes/userRoutes.ts","statementMap":{"0":{"start":{"line":1,"column":0},"end":{"line":1,"column":30}},"1":{"start":{"line":2,"column":0},"end":{"line":2,"column":null}},"2":{"start":{"line":8,"column":0},"end":{"line":8,"column":53}},"3":{"start":{"line":9,"column":0},"end":{"line":9,"column":103}},"4":{"start":{"line":11,"column":15},"end":{"line":11,"column":31}},"5":{"start":{"line":14,"column":0},"end":{"line":14,"column":70}},"6":{"start":{"line":16,"column":0},"end":{"line":16,"column":60}},"7":{"start":{"line":18,"column":0},"end":{"line":18,"column":72}},"8":{"start":{"line":20,"column":0},"end":{"line":20,"column":78}},"9":{"start":{"line":22,"column":0},"end":{"line":22,"column":22}}},"fnMap":{},"branchMap":{},"s":{"0":3,"1":3,"2":3,"3":3,"4":3,"5":3,"6":3,"7":3,"8":3,"9":3},"f":{},"b":{}}
,"/Users/apple/Documents/codding/TECH4DEV/roqqu assesment copy/src/utils/asyncHandler.ts": {"path":"/Users/apple/Documents/codding/TECH4DEV/roqqu assesment copy/src/utils/asyncHandler.ts","statementMap":{"0":{"start":{"line":3,"column":28},"end":{"line":5,"column":51}},"1":{"start":{"line":4,"column":2},"end":{"line":5,"column":51}},"2":{"start":{"line":5,"column":4},"end":{"line":5,"column":51}},"3":{"start":{"line":3,"column":13},"end":{"line":3,"column":28}}},"fnMap":{"0":{"name":"(anonymous_0)","decl":{"start":{"line":3,"column":28},"end":{"line":3,"column":29}},"loc":{"start":{"line":4,"column":2},"end":{"line":5,"column":51}}},"1":{"name":"(anonymous_1)","decl":{"start":{"line":4,"column":2},"end":{"line":4,"column":3}},"loc":{"start":{"line":5,"column":4},"end":{"line":5,"column":51}}}},"branchMap":{},"s":{"0":3,"1":30,"2":14,"3":3},"f":{"0":30,"1":14},"b":{}}
}
