{"/Users/apple/Documents/codding/TECH4DEV/roqqu assesment copy/src/server.ts": {"path":"/Users/apple/Documents/codding/TECH4DEV/roqqu assesment copy/src/server.ts","statementMap":{"0":{"start":{"line":12,"column":0},"end":{"line":12,"column":16}},"1":{"start":{"line":15,"column":12},"end":{"line":15,"column":30}},"2":{"start":{"line":18,"column":0},"end":{"line":18,"column":16}},"3":{"start":{"line":19,"column":0},"end":{"line":19,"column":24}},"4":{"start":{"line":22,"column":0},"end":{"line":22,"column":30}},"5":{"start":{"line":23,"column":0},"end":{"line":23,"column":37}},"6":{"start":{"line":24,"column":0},"end":{"line":24,"column":30}},"7":{"start":{"line":27,"column":0},"end":{"line":29,"column":5}},"8":{"start":{"line":28,"column":4},"end":{"line":28,"column":38}},"9":{"start":{"line":33,"column":0},"end":{"line":36,"column":3}},"10":{"start":{"line":34,"column":2},"end":{"line":34,"column":41}},"11":{"start":{"line":35,"column":2},"end":{"line":35,"column":17}},"12":{"start":{"line":38,"column":0},"end":{"line":41,"column":3}},"13":{"start":{"line":39,"column":2},"end":{"line":39,"column":52}},"14":{"start":{"line":40,"column":2},"end":{"line":40,"column":18}},"15":{"start":{"line":44,"column":0},"end":{"line":55,"column":1}},"16":{"start":{"line":45,"column":2},"end":{"line":47,"column":61}},"17":{"start":{"line":46,"column":16},"end":{"line":46,"column":64}},"18":{"start":{"line":47,"column":20},"end":{"line":47,"column":59}},"19":{"start":{"line":51,"column":13},"end":{"line":51,"column":37}},"20":{"start":{"line":52,"column":0},"end":{"line":54,"column":3}},"21":{"start":{"line":53,"column":2},"end":{"line":53,"column":62}}},"fnMap":{"0":{"name":"(anonymous_0)","decl":{"start":{"line":27,"column":8},"end":{"line":27,"column":9}},"loc":{"start":{"line":27,"column":97},"end":{"line":29,"column":3}},"line":27},"1":{"name":"(anonymous_1)","decl":{"start":{"line":33,"column":21},"end":{"line":33,"column":22}},"loc":{"start":{"line":33,"column":27},"end":{"line":36,"column":1}},"line":33},"2":{"name":"(anonymous_2)","decl":{"start":{"line":38,"column":32},"end":{"line":38,"column":33}},"loc":{"start":{"line":38,"column":41},"end":{"line":41,"column":1}},"line":38},"3":{"name":"(anonymous_3)","decl":{"start":{"line":46,"column":10},"end":{"line":46,"column":11}},"loc":{"start":{"line":46,"column":16},"end":{"line":46,"column":64}},"line":46},"4":{"name":"(anonymous_4)","decl":{"start":{"line":47,"column":11},"end":{"line":47,"column":12}},"loc":{"start":{"line":47,"column":20},"end":{"line":47,"column":59}},"line":47},"5":{"name":"(anonymous_5)","decl":{"start":{"line":52,"column":17},"end":{"line":52,"column":18}},"loc":{"start":{"line":52,"column":23},"end":{"line":54,"column":1}},"line":52}},"branchMap":{"0":{"loc":{"start":{"line":44,"column":0},"end":{"line":55,"column":1}},"type":"if","locations":[{"start":{"line":44,"column":0},"end":{"line":55,"column":1}},{"start":{},"end":{}}],"line":44},"1":{"loc":{"start":{"line":51,"column":13},"end":{"line":51,"column":37}},"type":"binary-expr","locations":[{"start":{"line":51,"column":13},"end":{"line":51,"column":29}},{"start":{"line":51,"column":33},"end":{"line":51,"column":37}}],"line":51}},"s":{"0":3,"1":3,"2":3,"3":3,"4":3,"5":3,"6":3,"7":3,"8":1,"9":3,"10":0,"11":0,"12":3,"13":0,"14":0,"15":3,"16":0,"17":0,"18":0,"19":0,"20":0,"21":0},"f":{"0":1,"1":0,"2":0,"3":0,"4":0,"5":0},"b":{"0":[0,3],"1":[0,0]},"_coverageSchema":"1a1c01bbd47fc00a2c39e90264f33305004495a9","hash":"48fce588b8ecfe4bacf0df4e9ec426f2e2574cce"}
,"/Users/apple/Documents/codding/TECH4DEV/roqqu assesment copy/src/config/database.ts": {"path":"/Users/apple/Documents/codding/TECH4DEV/roqqu assesment copy/src/config/database.ts","statementMap":{"0":{"start":{"line":4,"column":0},"end":{"line":4,"column":16}},"1":{"start":{"line":6,"column":11},"end":{"line":12,"column":2}}},"fnMap":{},"branchMap":{},"s":{"0":6,"1":6},"f":{},"b":{},"_coverageSchema":"1a1c01bbd47fc00a2c39e90264f33305004495a9","hash":"070f4df1948ef34d69cb2fe72c2f944a5684d47e"}
,"/Users/apple/Documents/codding/TECH4DEV/roqqu assesment copy/src/config/express.ts": {"path":"/Users/apple/Documents/codding/TECH4DEV/roqqu assesment copy/src/config/express.ts","statementMap":{"0":{"start":{"line":3,"column":25},"end":{"line":8,"column":1}},"1":{"start":{"line":4,"column":14},"end":{"line":4,"column":23}},"2":{"start":{"line":5,"column":2},"end":{"line":5,"column":26}},"3":{"start":{"line":7,"column":2},"end":{"line":7,"column":13}}},"fnMap":{"0":{"name":"(anonymous_0)","decl":{"start":{"line":3,"column":25},"end":{"line":3,"column":26}},"loc":{"start":{"line":3,"column":31},"end":{"line":8,"column":1}},"line":3}},"branchMap":{},"s":{"0":3,"1":3,"2":3,"3":3},"f":{"0":3},"b":{},"_coverageSchema":"1a1c01bbd47fc00a2c39e90264f33305004495a9","hash":"1ea2c9047a40536212a7c873e5b1e46c96e6a475"}
,"/Users/apple/Documents/codding/TECH4DEV/roqqu assesment copy/src/controllers/addressController.ts": {"path":"/Users/apple/Documents/codding/TECH4DEV/roqqu assesment copy/src/controllers/addressController.ts","statementMap":{"0":{"start":{"line":5,"column":36},"end":{"line":12,"column":1}},"1":{"start":{"line":6,"column":21},"end":{"line":6,"column":31}},"2":{"start":{"line":7,"column":18},"end":{"line":7,"column":58}},"3":{"start":{"line":8,"column":2},"end":{"line":10,"column":3}},"4":{"start":{"line":9,"column":4},"end":{"line":9,"column":79}},"5":{"start":{"line":11,"column":2},"end":{"line":11,"column":61}},"6":{"start":{"line":15,"column":39},"end":{"line":19,"column":1}},"7":{"start":{"line":16,"column":30},"end":{"line":16,"column":38}},"8":{"start":{"line":17,"column":2},"end":{"line":17,"column":43}},"9":{"start":{"line":18,"column":2},"end":{"line":18,"column":68}},"10":{"start":{"line":22,"column":39},"end":{"line":39,"column":1}},"11":{"start":{"line":23,"column":2},"end":{"line":38,"column":3}},"12":{"start":{"line":24,"column":23},"end":{"line":24,"column":33}},"13":{"start":{"line":25,"column":24},"end":{"line":25,"column":32}},"14":{"start":{"line":27,"column":4},"end":{"line":29,"column":5}},"15":{"start":{"line":28,"column":6},"end":{"line":28,"column":76}},"16":{"start":{"line":30,"column":24},"end":{"line":30,"column":68}},"17":{"start":{"line":31,"column":4},"end":{"line":33,"column":5}},"18":{"start":{"line":32,"column":6},"end":{"line":32,"column":81}},"19":{"start":{"line":34,"column":4},"end":{"line":34,"column":70}},"20":{"start":{"line":36,"column":4},"end":{"line":36,"column":50}},"21":{"start":{"line":37,"column":4},"end":{"line":37,"column":63}}},"fnMap":{"0":{"name":"(anonymous_0)","decl":{"start":{"line":5,"column":36},"end":{"line":5,"column":37}},"loc":{"start":{"line":5,"column":75},"end":{"line":12,"column":1}},"line":5},"1":{"name":"(anonymous_1)","decl":{"start":{"line":15,"column":39},"end":{"line":15,"column":40}},"loc":{"start":{"line":15,"column":78},"end":{"line":19,"column":1}},"line":15},"2":{"name":"(anonymous_2)","decl":{"start":{"line":22,"column":39},"end":{"line":22,"column":40}},"loc":{"start":{"line":22,"column":78},"end":{"line":39,"column":1}},"line":22}},"branchMap":{"0":{"loc":{"start":{"line":8,"column":2},"end":{"line":10,"column":3}},"type":"if","locations":[{"start":{"line":8,"column":2},"end":{"line":10,"column":3}},{"start":{},"end":{}}],"line":8},"1":{"loc":{"start":{"line":27,"column":4},"end":{"line":29,"column":5}},"type":"if","locations":[{"start":{"line":27,"column":4},"end":{"line":29,"column":5}},{"start":{},"end":{}}],"line":27},"2":{"loc":{"start":{"line":31,"column":4},"end":{"line":33,"column":5}},"type":"if","locations":[{"start":{"line":31,"column":4},"end":{"line":33,"column":5}},{"start":{},"end":{}}],"line":31}},"s":{"0":3,"1":2,"2":2,"3":2,"4":1,"5":1,"6":3,"7":1,"8":1,"9":1,"10":3,"11":1,"12":1,"13":1,"14":1,"15":0,"16":1,"17":1,"18":0,"19":1,"20":0,"21":0},"f":{"0":2,"1":1,"2":1},"b":{"0":[1,1],"1":[0,1],"2":[0,1]},"_coverageSchema":"1a1c01bbd47fc00a2c39e90264f33305004495a9","hash":"870ffe2cc997c68861ce56610b721c3c85492b76"}
,"/Users/apple/Documents/codding/TECH4DEV/roqqu assesment copy/src/controllers/postController.ts": {"path":"/Users/apple/Documents/codding/TECH4DEV/roqqu assesment copy/src/controllers/postController.ts","statementMap":{"0":{"start":{"line":6,"column":34},"end":{"line":18,"column":1}},"1":{"start":{"line":7,"column":21},"end":{"line":7,"column":30}},"2":{"start":{"line":8,"column":16},"end":{"line":8,"column":52}},"3":{"start":{"line":9,"column":2},"end":{"line":11,"column":3}},"4":{"start":{"line":10,"column":4},"end":{"line":10,"column":77}},"5":{"start":{"line":13,"column":2},"end":{"line":17,"column":5}},"6":{"start":{"line":21,"column":36},"end":{"line":31,"column":1}},"7":{"start":{"line":22,"column":34},"end":{"line":22,"column":42}},"8":{"start":{"line":24,"column":21},"end":{"line":24,"column":77}},"9":{"start":{"line":25,"column":0},"end":{"line":27,"column":1}},"10":{"start":{"line":26,"column":2},"end":{"line":26,"column":111}},"11":{"start":{"line":28,"column":2},"end":{"line":28,"column":44}},"12":{"start":{"line":30,"column":2},"end":{"line":30,"column":65}},"13":{"start":{"line":34,"column":36},"end":{"line":40,"column":1}},"14":{"start":{"line":35,"column":17},"end":{"line":35,"column":27}},"15":{"start":{"line":37,"column":2},"end":{"line":37,"column":31}},"16":{"start":{"line":39,"column":2},"end":{"line":39,"column":65}}},"fnMap":{"0":{"name":"(anonymous_0)","decl":{"start":{"line":6,"column":34},"end":{"line":6,"column":35}},"loc":{"start":{"line":6,"column":73},"end":{"line":18,"column":1}},"line":6},"1":{"name":"(anonymous_1)","decl":{"start":{"line":21,"column":36},"end":{"line":21,"column":37}},"loc":{"start":{"line":21,"column":75},"end":{"line":31,"column":1}},"line":21},"2":{"name":"(anonymous_2)","decl":{"start":{"line":34,"column":36},"end":{"line":34,"column":37}},"loc":{"start":{"line":34,"column":75},"end":{"line":40,"column":1}},"line":34}},"branchMap":{"0":{"loc":{"start":{"line":9,"column":2},"end":{"line":11,"column":3}},"type":"if","locations":[{"start":{"line":9,"column":2},"end":{"line":11,"column":3}},{"start":{},"end":{}}],"line":9},"1":{"loc":{"start":{"line":25,"column":0},"end":{"line":27,"column":1}},"type":"if","locations":[{"start":{"line":25,"column":0},"end":{"line":27,"column":1}},{"start":{},"end":{}}],"line":25}},"s":{"0":3,"1":2,"2":2,"3":2,"4":1,"5":1,"6":3,"7":2,"8":2,"9":2,"10":0,"11":2,"12":2,"13":3,"14":1,"15":1,"16":1},"f":{"0":2,"1":2,"2":1},"b":{"0":[1,1],"1":[0,2]},"_coverageSchema":"1a1c01bbd47fc00a2c39e90264f33305004495a9","hash":"08a608f883cce4c71f7d0d551fd4270e55e968ac"}
,"/Users/apple/Documents/codding/TECH4DEV/roqqu assesment copy/src/controllers/userController.ts": {"path":"/Users/apple/Documents/codding/TECH4DEV/roqqu assesment copy/src/controllers/userController.ts","statementMap":{"0":{"start":{"line":6,"column":34},"end":{"line":21,"column":1}},"1":{"start":{"line":7,"column":35},"end":{"line":7,"column":44}},"2":{"start":{"line":8,"column":17},"end":{"line":8,"column":60}},"3":{"start":{"line":10,"column":16},"end":{"line":10,"column":56}},"4":{"start":{"line":11,"column":2},"end":{"line":13,"column":3}},"5":{"start":{"line":12,"column":4},"end":{"line":12,"column":63}},"6":{"start":{"line":14,"column":2},"end":{"line":20,"column":5}},"7":{"start":{"line":24,"column":39},"end":{"line":27,"column":1}},"8":{"start":{"line":25,"column":16},"end":{"line":25,"column":37}},"9":{"start":{"line":26,"column":2},"end":{"line":26,"column":22}},"10":{"start":{"line":30,"column":37},"end":{"line":36,"column":1}},"11":{"start":{"line":31,"column":15},"end":{"line":31,"column":55}},"12":{"start":{"line":32,"column":2},"end":{"line":34,"column":3}},"13":{"start":{"line":33,"column":4},"end":{"line":33,"column":63}},"14":{"start":{"line":35,"column":2},"end":{"line":35,"column":17}},"15":{"start":{"line":39,"column":36},"end":{"line":44,"column":1}},"16":{"start":{"line":40,"column":26},"end":{"line":40,"column":34}},"17":{"start":{"line":41,"column":2},"end":{"line":41,"column":24}},"18":{"start":{"line":42,"column":19},"end":{"line":42,"column":76}},"19":{"start":{"line":43,"column":2},"end":{"line":43,"column":73}}},"fnMap":{"0":{"name":"(anonymous_0)","decl":{"start":{"line":6,"column":34},"end":{"line":6,"column":35}},"loc":{"start":{"line":6,"column":73},"end":{"line":21,"column":1}},"line":6},"1":{"name":"(anonymous_1)","decl":{"start":{"line":24,"column":39},"end":{"line":24,"column":40}},"loc":{"start":{"line":24,"column":79},"end":{"line":27,"column":1}},"line":24},"2":{"name":"(anonymous_2)","decl":{"start":{"line":30,"column":37},"end":{"line":30,"column":38}},"loc":{"start":{"line":30,"column":76},"end":{"line":36,"column":1}},"line":30},"3":{"name":"(anonymous_3)","decl":{"start":{"line":39,"column":36},"end":{"line":39,"column":37}},"loc":{"start":{"line":39,"column":75},"end":{"line":44,"column":1}},"line":39}},"branchMap":{"0":{"loc":{"start":{"line":11,"column":2},"end":{"line":13,"column":3}},"type":"if","locations":[{"start":{"line":11,"column":2},"end":{"line":13,"column":3}},{"start":{},"end":{}}],"line":11},"1":{"loc":{"start":{"line":32,"column":2},"end":{"line":34,"column":3}},"type":"if","locations":[{"start":{"line":32,"column":2},"end":{"line":34,"column":3}},{"start":{},"end":{}}],"line":32}},"s":{"0":3,"1":3,"2":3,"3":3,"4":3,"5":2,"6":1,"7":3,"8":1,"9":1,"10":3,"11":0,"12":0,"13":0,"14":0,"15":3,"16":1,"17":1,"18":1,"19":0},"f":{"0":3,"1":1,"2":0,"3":1},"b":{"0":[2,1],"1":[0,0]},"_coverageSchema":"1a1c01bbd47fc00a2c39e90264f33305004495a9","hash":"29b004091f84514381886dc2c69fd7600c8f63f0"}
,"/Users/apple/Documents/codding/TECH4DEV/roqqu assesment copy/src/middlewares/addressValidation.ts": {"path":"/Users/apple/Documents/codding/TECH4DEV/roqqu assesment copy/src/middlewares/addressValidation.ts","statementMap":{"0":{"start":{"line":6,"column":36},"end":{"line":18,"column":1}},"1":{"start":{"line":11,"column":19},"end":{"line":11,"column":40}},"2":{"start":{"line":12,"column":4},"end":{"line":15,"column":5}},"3":{"start":{"line":13,"column":6},"end":{"line":13,"column":55}},"4":{"start":{"line":14,"column":6},"end":{"line":14,"column":13}},"5":{"start":{"line":16,"column":4},"end":{"line":16,"column":11}},"6":{"start":{"line":20,"column":37},"end":{"line":31,"column":3}},"7":{"start":{"line":24,"column":21},"end":{"line":24,"column":42}},"8":{"start":{"line":25,"column":6},"end":{"line":28,"column":7}},"9":{"start":{"line":26,"column":8},"end":{"line":26,"column":57}},"10":{"start":{"line":27,"column":8},"end":{"line":27,"column":15}},"11":{"start":{"line":29,"column":6},"end":{"line":29,"column":13}},"12":{"start":{"line":34,"column":36},"end":{"line":46,"column":1}},"13":{"start":{"line":35,"column":17},"end":{"line":35,"column":61}},"14":{"start":{"line":36,"column":2},"end":{"line":45,"column":3}},"15":{"start":{"line":37,"column":28},"end":{"line":37,"column":60}},"16":{"start":{"line":38,"column":4},"end":{"line":41,"column":5}},"17":{"start":{"line":39,"column":6},"end":{"line":39,"column":71}},"18":{"start":{"line":40,"column":6},"end":{"line":40,"column":13}},"19":{"start":{"line":42,"column":4},"end":{"line":42,"column":11}},"20":{"start":{"line":44,"column":4},"end":{"line":44,"column":16}},"21":{"start":{"line":49,"column":37},"end":{"line":62,"column":1}},"22":{"start":{"line":50,"column":17},"end":{"line":50,"column":42}},"23":{"start":{"line":52,"column":2},"end":{"line":61,"column":3}},"24":{"start":{"line":53,"column":28},"end":{"line":53,"column":60}},"25":{"start":{"line":54,"column":4},"end":{"line":57,"column":5}},"26":{"start":{"line":55,"column":6},"end":{"line":55,"column":61}},"27":{"start":{"line":56,"column":6},"end":{"line":56,"column":13}},"28":{"start":{"line":58,"column":4},"end":{"line":58,"column":11}},"29":{"start":{"line":60,"column":4},"end":{"line":60,"column":16}}},"fnMap":{"0":{"name":"(anonymous_0)","decl":{"start":{"line":10,"column":2},"end":{"line":10,"column":3}},"loc":{"start":{"line":10,"column":61},"end":{"line":17,"column":3}},"line":10},"1":{"name":"(anonymous_1)","decl":{"start":{"line":23,"column":4},"end":{"line":23,"column":5}},"loc":{"start":{"line":23,"column":63},"end":{"line":30,"column":5}},"line":23},"2":{"name":"(anonymous_2)","decl":{"start":{"line":34,"column":36},"end":{"line":34,"column":37}},"loc":{"start":{"line":34,"column":110},"end":{"line":46,"column":1}},"line":34},"3":{"name":"(anonymous_3)","decl":{"start":{"line":49,"column":37},"end":{"line":49,"column":38}},"loc":{"start":{"line":49,"column":111},"end":{"line":62,"column":1}},"line":49}},"branchMap":{"0":{"loc":{"start":{"line":12,"column":4},"end":{"line":15,"column":5}},"type":"if","locations":[{"start":{"line":12,"column":4},"end":{"line":15,"column":5}},{"start":{},"end":{}}],"line":12},"1":{"loc":{"start":{"line":25,"column":6},"end":{"line":28,"column":7}},"type":"if","locations":[{"start":{"line":25,"column":6},"end":{"line":28,"column":7}},{"start":{},"end":{}}],"line":25},"2":{"loc":{"start":{"line":35,"column":24},"end":{"line":35,"column":60}},"type":"binary-expr","locations":[{"start":{"line":35,"column":24},"end":{"line":35,"column":39}},{"start":{"line":35,"column":43},"end":{"line":35,"column":60}}],"line":35},"3":{"loc":{"start":{"line":38,"column":4},"end":{"line":41,"column":5}},"type":"if","locations":[{"start":{"line":38,"column":4},"end":{"line":41,"column":5}},{"start":{},"end":{}}],"line":38},"4":{"loc":{"start":{"line":54,"column":4},"end":{"line":57,"column":5}},"type":"if","locations":[{"start":{"line":54,"column":4},"end":{"line":57,"column":5}},{"start":{},"end":{}}],"line":54}},"s":{"0":3,"1":3,"2":3,"3":1,"4":1,"5":2,"6":3,"7":3,"8":3,"9":1,"10":1,"11":2,"12":3,"13":2,"14":2,"15":2,"16":2,"17":1,"18":1,"19":1,"20":0,"21":3,"22":2,"23":2,"24":2,"25":2,"26":1,"27":1,"28":1,"29":0},"f":{"0":3,"1":3,"2":2,"3":2},"b":{"0":[1,2],"1":[1,2],"2":[2,0],"3":[1,1],"4":[1,1]},"_coverageSchema":"1a1c01bbd47fc00a2c39e90264f33305004495a9","hash":"b863810834c83d1fb968173306fc4ebc28a04255"}
,"/Users/apple/Documents/codding/TECH4DEV/roqqu assesment copy/src/middlewares/errorHandler.ts": {"path":"/Users/apple/Documents/codding/TECH4DEV/roqqu assesment copy/src/middlewares/errorHandler.ts","statementMap":{"0":{"start":{"line":4,"column":28},"end":{"line":17,"column":1}},"1":{"start":{"line":10,"column":2},"end":{"line":10,"column":39}},"2":{"start":{"line":12,"column":2},"end":{"line":14,"column":3}},"3":{"start":{"line":13,"column":4},"end":{"line":13,"column":56}},"4":{"start":{"line":16,"column":2},"end":{"line":16,"column":59}}},"fnMap":{"0":{"name":"(anonymous_0)","decl":{"start":{"line":4,"column":28},"end":{"line":4,"column":29}},"loc":{"start":{"line":9,"column":5},"end":{"line":17,"column":1}},"line":9}},"branchMap":{"0":{"loc":{"start":{"line":12,"column":2},"end":{"line":14,"column":3}},"type":"if","locations":[{"start":{"line":12,"column":2},"end":{"line":14,"column":3}},{"start":{},"end":{}}],"line":12}},"s":{"0":3,"1":1,"2":1,"3":0,"4":1},"f":{"0":1},"b":{"0":[0,1]},"_coverageSchema":"1a1c01bbd47fc00a2c39e90264f33305004495a9","hash":"20f529234908467190c79b313ad0c6fc37c1b567"}
,"/Users/apple/Documents/codding/TECH4DEV/roqqu assesment copy/src/middlewares/postValidation.ts": {"path":"/Users/apple/Documents/codding/TECH4DEV/roqqu assesment copy/src/middlewares/postValidation.ts","statementMap":{"0":{"start":{"line":8,"column":32},"end":{"line":19,"column":1}},"1":{"start":{"line":12,"column":19},"end":{"line":12,"column":40}},"2":{"start":{"line":13,"column":4},"end":{"line":16,"column":5}},"3":{"start":{"line":14,"column":6},"end":{"line":14,"column":55}},"4":{"start":{"line":15,"column":6},"end":{"line":15,"column":13}},"5":{"start":{"line":17,"column":4},"end":{"line":17,"column":18}},"6":{"start":{"line":21,"column":34},"end":{"line":52,"column":1}},"7":{"start":{"line":27,"column":36},"end":{"line":27,"column":44}},"8":{"start":{"line":29,"column":19},"end":{"line":29,"column":40}},"9":{"start":{"line":30,"column":4},"end":{"line":33,"column":5}},"10":{"start":{"line":31,"column":6},"end":{"line":31,"column":55}},"11":{"start":{"line":32,"column":6},"end":{"line":32,"column":13}},"12":{"start":{"line":35,"column":4},"end":{"line":50,"column":5}},"13":{"start":{"line":36,"column":19},"end":{"line":36,"column":52}},"14":{"start":{"line":37,"column":6},"end":{"line":40,"column":7}},"15":{"start":{"line":38,"column":8},"end":{"line":38,"column":60}},"16":{"start":{"line":39,"column":8},"end":{"line":39,"column":15}},"17":{"start":{"line":41,"column":27},"end":{"line":41,"column":83}},"18":{"start":{"line":42,"column":6},"end":{"line":45,"column":7}},"19":{"start":{"line":43,"column":8},"end":{"line":43,"column":110}},"20":{"start":{"line":44,"column":8},"end":{"line":44,"column":15}},"21":{"start":{"line":47,"column":6},"end":{"line":47,"column":20}},"22":{"start":{"line":49,"column":6},"end":{"line":49,"column":25}},"23":{"start":{"line":53,"column":34},"end":{"line":66,"column":1}},"24":{"start":{"line":54,"column":17},"end":{"line":54,"column":38}},"25":{"start":{"line":56,"column":2},"end":{"line":65,"column":3}},"26":{"start":{"line":57,"column":17},"end":{"line":57,"column":42}},"27":{"start":{"line":58,"column":4},"end":{"line":61,"column":5}},"28":{"start":{"line":59,"column":6},"end":{"line":59,"column":58}},"29":{"start":{"line":60,"column":6},"end":{"line":60,"column":13}},"30":{"start":{"line":62,"column":4},"end":{"line":62,"column":18}},"31":{"start":{"line":64,"column":4},"end":{"line":64,"column":23}},"32":{"start":{"line":68,"column":30},"end":{"line":78,"column":3}},"33":{"start":{"line":72,"column":21},"end":{"line":72,"column":42}},"34":{"start":{"line":73,"column":6},"end":{"line":75,"column":7}},"35":{"start":{"line":74,"column":8},"end":{"line":74,"column":64}},"36":{"start":{"line":76,"column":6},"end":{"line":76,"column":13}}},"fnMap":{"0":{"name":"(anonymous_0)","decl":{"start":{"line":11,"column":2},"end":{"line":11,"column":3}},"loc":{"start":{"line":11,"column":61},"end":{"line":18,"column":3}},"line":11},"1":{"name":"(anonymous_1)","decl":{"start":{"line":26,"column":2},"end":{"line":26,"column":3}},"loc":{"start":{"line":26,"column":76},"end":{"line":51,"column":3}},"line":26},"2":{"name":"(anonymous_2)","decl":{"start":{"line":53,"column":34},"end":{"line":53,"column":35}},"loc":{"start":{"line":53,"column":108},"end":{"line":66,"column":1}},"line":53},"3":{"name":"(anonymous_3)","decl":{"start":{"line":71,"column":4},"end":{"line":71,"column":5}},"loc":{"start":{"line":71,"column":57},"end":{"line":77,"column":5}},"line":71}},"branchMap":{"0":{"loc":{"start":{"line":13,"column":4},"end":{"line":16,"column":5}},"type":"if","locations":[{"start":{"line":13,"column":4},"end":{"line":16,"column":5}},{"start":{},"end":{}}],"line":13},"1":{"loc":{"start":{"line":30,"column":4},"end":{"line":33,"column":5}},"type":"if","locations":[{"start":{"line":30,"column":4},"end":{"line":33,"column":5}},{"start":{},"end":{}}],"line":30},"2":{"loc":{"start":{"line":37,"column":6},"end":{"line":40,"column":7}},"type":"if","locations":[{"start":{"line":37,"column":6},"end":{"line":40,"column":7}},{"start":{},"end":{}}],"line":37},"3":{"loc":{"start":{"line":42,"column":6},"end":{"line":45,"column":7}},"type":"if","locations":[{"start":{"line":42,"column":6},"end":{"line":45,"column":7}},{"start":{},"end":{}}],"line":42},"4":{"loc":{"start":{"line":58,"column":4},"end":{"line":61,"column":5}},"type":"if","locations":[{"start":{"line":58,"column":4},"end":{"line":61,"column":5}},{"start":{},"end":{}}],"line":58},"5":{"loc":{"start":{"line":73,"column":6},"end":{"line":75,"column":7}},"type":"if","locations":[{"start":{"line":73,"column":6},"end":{"line":75,"column":7}},{"start":{},"end":{}}],"line":73}},"s":{"0":3,"1":3,"2":3,"3":1,"4":1,"5":2,"6":3,"7":4,"8":4,"9":4,"10":1,"11":1,"12":3,"13":3,"14":3,"15":1,"16":1,"17":2,"18":2,"19":0,"20":0,"21":2,"22":0,"23":3,"24":3,"25":3,"26":3,"27":3,"28":2,"29":2,"30":1,"31":0,"32":3,"33":0,"34":0,"35":0,"36":0},"f":{"0":3,"1":4,"2":3,"3":0},"b":{"0":[1,2],"1":[1,3],"2":[1,2],"3":[0,2],"4":[2,1],"5":[0,0]},"_coverageSchema":"1a1c01bbd47fc00a2c39e90264f33305004495a9","hash":"94e9a3ff3074c57712df74d3a689acc2d1d92642"}
,"/Users/apple/Documents/codding/TECH4DEV/roqqu assesment copy/src/middlewares/userValidation.ts": {"path":"/Users/apple/Documents/codding/TECH4DEV/roqqu assesment copy/src/middlewares/userValidation.ts","statementMap":{"0":{"start":{"line":6,"column":34},"end":{"line":30,"column":3}},"1":{"start":{"line":12,"column":21},"end":{"line":12,"column":42}},"2":{"start":{"line":13,"column":6},"end":{"line":16,"column":7}},"3":{"start":{"line":14,"column":8},"end":{"line":14,"column":57}},"4":{"start":{"line":15,"column":8},"end":{"line":15,"column":15}},"5":{"start":{"line":18,"column":6},"end":{"line":28,"column":7}},"6":{"start":{"line":19,"column":29},"end":{"line":19,"column":85}},"7":{"start":{"line":20,"column":8},"end":{"line":23,"column":9}},"8":{"start":{"line":21,"column":10},"end":{"line":21,"column":66}},"9":{"start":{"line":22,"column":10},"end":{"line":22,"column":17}},"10":{"start":{"line":25,"column":8},"end":{"line":25,"column":22}},"11":{"start":{"line":27,"column":8},"end":{"line":27,"column":27}},"12":{"start":{"line":34,"column":34},"end":{"line":47,"column":1}},"13":{"start":{"line":35,"column":15},"end":{"line":35,"column":48}},"14":{"start":{"line":36,"column":15},"end":{"line":36,"column":47}},"15":{"start":{"line":38,"column":2},"end":{"line":41,"column":3}},"16":{"start":{"line":39,"column":4},"end":{"line":39,"column":71}},"17":{"start":{"line":40,"column":4},"end":{"line":40,"column":11}},"18":{"start":{"line":43,"column":2},"end":{"line":43,"column":38}},"19":{"start":{"line":44,"column":2},"end":{"line":44,"column":36}},"20":{"start":{"line":46,"column":2},"end":{"line":46,"column":9}},"21":{"start":{"line":50,"column":30},"end":{"line":61,"column":1}},"22":{"start":{"line":51,"column":2},"end":{"line":60,"column":3}},"23":{"start":{"line":52,"column":17},"end":{"line":52,"column":69}},"24":{"start":{"line":53,"column":4},"end":{"line":56,"column":5}},"25":{"start":{"line":54,"column":6},"end":{"line":54,"column":58}},"26":{"start":{"line":55,"column":6},"end":{"line":55,"column":13}},"27":{"start":{"line":57,"column":4},"end":{"line":57,"column":11}},"28":{"start":{"line":59,"column":4},"end":{"line":59,"column":16}}},"fnMap":{"0":{"name":"(anonymous_0)","decl":{"start":{"line":10,"column":4},"end":{"line":10,"column":5}},"loc":{"start":{"line":10,"column":78},"end":{"line":29,"column":5}},"line":10},"1":{"name":"(anonymous_1)","decl":{"start":{"line":34,"column":34},"end":{"line":34,"column":35}},"loc":{"start":{"line":34,"column":93},"end":{"line":47,"column":1}},"line":34},"2":{"name":"(anonymous_2)","decl":{"start":{"line":50,"column":30},"end":{"line":50,"column":31}},"loc":{"start":{"line":50,"column":104},"end":{"line":61,"column":1}},"line":50}},"branchMap":{"0":{"loc":{"start":{"line":13,"column":6},"end":{"line":16,"column":7}},"type":"if","locations":[{"start":{"line":13,"column":6},"end":{"line":16,"column":7}},{"start":{},"end":{}}],"line":13},"1":{"loc":{"start":{"line":20,"column":8},"end":{"line":23,"column":9}},"type":"if","locations":[{"start":{"line":20,"column":8},"end":{"line":23,"column":9}},{"start":{},"end":{}}],"line":20},"2":{"loc":{"start":{"line":35,"column":15},"end":{"line":35,"column":48}},"type":"binary-expr","locations":[{"start":{"line":35,"column":15},"end":{"line":35,"column":43}},{"start":{"line":35,"column":47},"end":{"line":35,"column":48}}],"line":35},"3":{"loc":{"start":{"line":36,"column":15},"end":{"line":36,"column":47}},"type":"binary-expr","locations":[{"start":{"line":36,"column":15},"end":{"line":36,"column":41}},{"start":{"line":36,"column":45},"end":{"line":36,"column":47}}],"line":36},"4":{"loc":{"start":{"line":38,"column":2},"end":{"line":41,"column":3}},"type":"if","locations":[{"start":{"line":38,"column":2},"end":{"line":41,"column":3}},{"start":{},"end":{}}],"line":38},"5":{"loc":{"start":{"line":53,"column":4},"end":{"line":56,"column":5}},"type":"if","locations":[{"start":{"line":53,"column":4},"end":{"line":56,"column":5}},{"start":{},"end":{}}],"line":53}},"s":{"0":3,"1":3,"2":3,"3":1,"4":1,"5":2,"6":2,"7":2,"8":1,"9":1,"10":1,"11":0,"12":3,"13":3,"14":3,"15":3,"16":0,"17":0,"18":3,"19":3,"20":3,"21":3,"22":2,"23":2,"24":2,"25":2,"26":2,"27":0,"28":0},"f":{"0":3,"1":3,"2":2},"b":{"0":[1,2],"1":[1,1],"2":[3,1],"3":[3,0],"4":[0,3],"5":[2,0]},"_coverageSchema":"1a1c01bbd47fc00a2c39e90264f33305004495a9","hash":"a87ecdb626231816a4f20a12bbc9447a52b068e1"}
,"/Users/apple/Documents/codding/TECH4DEV/roqqu assesment copy/src/models/addressModel.ts": {"path":"/Users/apple/Documents/codding/TECH4DEV/roqqu assesment copy/src/models/addressModel.ts","statementMap":{"0":{"start":{"line":3,"column":34},"end":{"line":4,"column":43}},"1":{"start":{"line":4,"column":2},"end":{"line":4,"column":43}},"2":{"start":{"line":6,"column":29},"end":{"line":6,"column":84}},"3":{"start":{"line":6,"column":53},"end":{"line":6,"column":84}},"4":{"start":{"line":8,"column":29},"end":{"line":14,"column":1}},"5":{"start":{"line":9,"column":18},"end":{"line":11,"column":36}},"6":{"start":{"line":13,"column":2},"end":{"line":13,"column":17}}},"fnMap":{"0":{"name":"(anonymous_0)","decl":{"start":{"line":3,"column":34},"end":{"line":3,"column":35}},"loc":{"start":{"line":4,"column":2},"end":{"line":4,"column":43}},"line":4},"1":{"name":"(anonymous_1)","decl":{"start":{"line":6,"column":29},"end":{"line":6,"column":30}},"loc":{"start":{"line":6,"column":53},"end":{"line":6,"column":84}},"line":6},"2":{"name":"(anonymous_2)","decl":{"start":{"line":8,"column":29},"end":{"line":8,"column":30}},"loc":{"start":{"line":8,"column":75},"end":{"line":14,"column":1}},"line":8}},"branchMap":{},"s":{"0":3,"1":0,"2":3,"3":0,"4":3,"5":0,"6":0},"f":{"0":0,"1":0,"2":0},"b":{},"_coverageSchema":"1a1c01bbd47fc00a2c39e90264f33305004495a9","hash":"0e093d0da8eb4fe3e412f229b2997e4f5a87f2cd"}
,"/Users/apple/Documents/codding/TECH4DEV/roqqu assesment copy/src/models/postModel.ts": {"path":"/Users/apple/Documents/codding/TECH4DEV/roqqu assesment copy/src/models/postModel.ts","statementMap":{"0":{"start":{"line":3,"column":30},"end":{"line":5,"column":1}},"1":{"start":{"line":4,"column":2},"end":{"line":4,"column":51}},"2":{"start":{"line":7,"column":26},"end":{"line":9,"column":1}},"3":{"start":{"line":8,"column":2},"end":{"line":8,"column":34}},"4":{"start":{"line":11,"column":27},"end":{"line":13,"column":1}},"5":{"start":{"line":12,"column":2},"end":{"line":12,"column":43}},"6":{"start":{"line":15,"column":26},"end":{"line":17,"column":1}},"7":{"start":{"line":16,"column":2},"end":{"line":16,"column":41}}},"fnMap":{"0":{"name":"(anonymous_0)","decl":{"start":{"line":3,"column":30},"end":{"line":3,"column":31}},"loc":{"start":{"line":3,"column":56},"end":{"line":5,"column":1}},"line":3},"1":{"name":"(anonymous_1)","decl":{"start":{"line":7,"column":26},"end":{"line":7,"column":27}},"loc":{"start":{"line":7,"column":47},"end":{"line":9,"column":1}},"line":7},"2":{"name":"(anonymous_2)","decl":{"start":{"line":11,"column":27},"end":{"line":11,"column":28}},"loc":{"start":{"line":11,"column":49},"end":{"line":13,"column":1}},"line":11},"3":{"name":"(anonymous_3)","decl":{"start":{"line":15,"column":26},"end":{"line":15,"column":27}},"loc":{"start":{"line":15,"column":48},"end":{"line":17,"column":1}},"line":15}},"branchMap":{},"s":{"0":3,"1":0,"2":3,"3":0,"4":3,"5":0,"6":3,"7":0},"f":{"0":0,"1":0,"2":0,"3":0},"b":{},"_coverageSchema":"1a1c01bbd47fc00a2c39e90264f33305004495a9","hash":"0e91f6f5a52a86380bb92ac46b6576ac3cc2eeec"}
,"/Users/apple/Documents/codding/TECH4DEV/roqqu assesment copy/src/models/userModel.ts": {"path":"/Users/apple/Documents/codding/TECH4DEV/roqqu assesment copy/src/models/userModel.ts","statementMap":{"0":{"start":{"line":4,"column":29},"end":{"line":13,"column":1}},"1":{"start":{"line":5,"column":17},"end":{"line":5,"column":62}},"2":{"start":{"line":7,"column":2},"end":{"line":9,"column":3}},"3":{"start":{"line":8,"column":4},"end":{"line":8,"column":24}},"4":{"start":{"line":12,"column":2},"end":{"line":12,"column":57}},"5":{"start":{"line":15,"column":24},"end":{"line":20,"column":19}},"6":{"start":{"line":16,"column":2},"end":{"line":20,"column":19}},"7":{"start":{"line":23,"column":27},"end":{"line":28,"column":12}},"8":{"start":{"line":24,"column":2},"end":{"line":28,"column":12}},"9":{"start":{"line":31,"column":26},"end":{"line":36,"column":1}},"10":{"start":{"line":32,"column":2},"end":{"line":34,"column":3}},"11":{"start":{"line":33,"column":4},"end":{"line":33,"column":52}},"12":{"start":{"line":35,"column":2},"end":{"line":35,"column":34}}},"fnMap":{"0":{"name":"(anonymous_0)","decl":{"start":{"line":4,"column":29},"end":{"line":4,"column":30}},"loc":{"start":{"line":4,"column":69},"end":{"line":13,"column":1}},"line":4},"1":{"name":"(anonymous_1)","decl":{"start":{"line":15,"column":24},"end":{"line":15,"column":25}},"loc":{"start":{"line":16,"column":2},"end":{"line":20,"column":19}},"line":16},"2":{"name":"(anonymous_2)","decl":{"start":{"line":23,"column":27},"end":{"line":23,"column":28}},"loc":{"start":{"line":24,"column":2},"end":{"line":28,"column":12}},"line":24},"3":{"name":"(anonymous_3)","decl":{"start":{"line":31,"column":26},"end":{"line":31,"column":27}},"loc":{"start":{"line":31,"column":47},"end":{"line":36,"column":1}},"line":31}},"branchMap":{"0":{"loc":{"start":{"line":7,"column":2},"end":{"line":9,"column":3}},"type":"if","locations":[{"start":{"line":7,"column":2},"end":{"line":9,"column":3}},{"start":{},"end":{}}],"line":7},"1":{"loc":{"start":{"line":7,"column":6},"end":{"line":7,"column":30}},"type":"binary-expr","locations":[{"start":{"line":7,"column":6},"end":{"line":7,"column":13}},{"start":{"line":7,"column":17},"end":{"line":7,"column":30}}],"line":7},"2":{"loc":{"start":{"line":32,"column":2},"end":{"line":34,"column":3}},"type":"if","locations":[{"start":{"line":32,"column":2},"end":{"line":34,"column":3}},{"start":{},"end":{}}],"line":32}},"s":{"0":3,"1":0,"2":0,"3":0,"4":0,"5":3,"6":0,"7":3,"8":0,"9":3,"10":0,"11":0,"12":0},"f":{"0":0,"1":0,"2":0,"3":0},"b":{"0":[0,0],"1":[0,0],"2":[0,0]},"_coverageSchema":"1a1c01bbd47fc00a2c39e90264f33305004495a9","hash":"d9910f8540659726dfafbb249c15060ee012f1fd"}
,"/Users/apple/Documents/codding/TECH4DEV/roqqu assesment copy/src/routes/addressRoutes.ts": {"path":"/Users/apple/Documents/codding/TECH4DEV/roqqu assesment copy/src/routes/addressRoutes.ts","statementMap":{"0":{"start":{"line":11,"column":15},"end":{"line":11,"column":31}},"1":{"start":{"line":13,"column":0},"end":{"line":13,"column":59}},"2":{"start":{"line":15,"column":0},"end":{"line":15,"column":105}},"3":{"start":{"line":17,"column":0},"end":{"line":17,"column":115}}},"fnMap":{},"branchMap":{},"s":{"0":3,"1":3,"2":3,"3":3},"f":{},"b":{},"_coverageSchema":"1a1c01bbd47fc00a2c39e90264f33305004495a9","hash":"381261ff16d0eb8208bccdc0dfb82290267e4ca2"}
,"/Users/apple/Documents/codding/TECH4DEV/roqqu assesment copy/src/routes/postRoutes.ts": {"path":"/Users/apple/Documents/codding/TECH4DEV/roqqu assesment copy/src/routes/postRoutes.ts","statementMap":{"0":{"start":{"line":29,"column":15},"end":{"line":29,"column":31}},"1":{"start":{"line":32,"column":0},"end":{"line":32,"column":68}},"2":{"start":{"line":35,"column":0},"end":{"line":35,"column":73}},"3":{"start":{"line":38,"column":0},"end":{"line":38,"column":78}}},"fnMap":{},"branchMap":{},"s":{"0":3,"1":3,"2":3,"3":3},"f":{},"b":{},"_coverageSchema":"1a1c01bbd47fc00a2c39e90264f33305004495a9","hash":"0c36aba3db7af8cffceb08e7cc5d6c19263568c3"}
,"/Users/apple/Documents/codding/TECH4DEV/roqqu assesment copy/src/routes/userRoutes.ts": {"path":"/Users/apple/Documents/codding/TECH4DEV/roqqu assesment copy/src/routes/userRoutes.ts","statementMap":{"0":{"start":{"line":11,"column":15},"end":{"line":11,"column":31}},"1":{"start":{"line":14,"column":0},"end":{"line":14,"column":70}},"2":{"start":{"line":16,"column":0},"end":{"line":16,"column":60}},"3":{"start":{"line":18,"column":0},"end":{"line":18,"column":72}},"4":{"start":{"line":20,"column":0},"end":{"line":20,"column":78}}},"fnMap":{},"branchMap":{},"s":{"0":3,"1":3,"2":3,"3":3,"4":3},"f":{},"b":{},"_coverageSchema":"1a1c01bbd47fc00a2c39e90264f33305004495a9","hash":"732980d0f967f8bb4e53957c101e86f6e7d5f482"}
,"/Users/apple/Documents/codding/TECH4DEV/roqqu assesment copy/src/utils/asyncHandler.ts": {"path":"/Users/apple/Documents/codding/TECH4DEV/roqqu assesment copy/src/utils/asyncHandler.ts","statementMap":{"0":{"start":{"line":3,"column":28},"end":{"line":5,"column":51}},"1":{"start":{"line":4,"column":2},"end":{"line":5,"column":51}},"2":{"start":{"line":5,"column":4},"end":{"line":5,"column":51}}},"fnMap":{"0":{"name":"(anonymous_0)","decl":{"start":{"line":3,"column":28},"end":{"line":3,"column":29}},"loc":{"start":{"line":4,"column":2},"end":{"line":5,"column":51}},"line":4},"1":{"name":"(anonymous_1)","decl":{"start":{"line":4,"column":2},"end":{"line":4,"column":3}},"loc":{"start":{"line":5,"column":4},"end":{"line":5,"column":51}},"line":5}},"branchMap":{},"s":{"0":3,"1":30,"2":14},"f":{"0":30,"1":14},"b":{},"_coverageSchema":"1a1c01bbd47fc00a2c39e90264f33305004495a9","hash":"a71e278b654681535220a4668a7270f71f01a2b9"}
}
