TN:
SF:src/server.ts
FN:27,(anonymous_0)
FN:33,(anonymous_1)
FN:38,(anonymous_2)
FN:46,(anonymous_3)
FN:47,(anonymous_4)
FN:52,(anonymous_5)
FNF:6
FNH:1
FNDA:1,(anonymous_0)
FNDA:0,(anonymous_1)
FNDA:0,(anonymous_2)
FNDA:0,(anonymous_3)
FNDA:0,(anonymous_4)
FNDA:0,(anonymous_5)
DA:12,3
DA:15,3
DA:18,3
DA:19,3
DA:22,3
DA:23,3
DA:24,3
DA:27,3
DA:28,1
DA:33,3
DA:34,0
DA:35,0
DA:38,3
DA:39,0
DA:40,0
DA:44,3
DA:45,0
DA:46,0
DA:47,0
DA:51,0
DA:52,0
DA:53,0
LF:22
LH:12
BRDA:44,0,0,0
BRDA:44,0,1,3
BRDA:51,1,0,0
BRDA:51,1,1,0
BRF:4
BRH:1
end_of_record
TN:
SF:src/config/database.ts
FNF:0
FNH:0
DA:4,6
DA:6,6
LF:2
LH:2
BRF:0
BRH:0
end_of_record
TN:
SF:src/config/express.ts
FN:3,(anonymous_0)
FNF:1
FNH:1
FNDA:3,(anonymous_0)
DA:3,3
DA:4,3
DA:5,3
DA:7,3
LF:4
LH:4
BRF:0
BRH:0
end_of_record
TN:
SF:src/controllers/addressController.ts
FN:5,(anonymous_0)
FN:15,(anonymous_1)
FN:22,(anonymous_2)
FNF:3
FNH:3
FNDA:2,(anonymous_0)
FNDA:1,(anonymous_1)
FNDA:1,(anonymous_2)
DA:5,3
DA:6,2
DA:7,2
DA:8,2
DA:9,1
DA:11,1
DA:15,3
DA:16,1
DA:17,1
DA:18,1
DA:22,3
DA:23,1
DA:24,1
DA:25,1
DA:27,1
DA:28,0
DA:30,1
DA:31,1
DA:32,0
DA:34,1
DA:36,0
DA:37,0
LF:22
LH:18
BRDA:8,0,0,1
BRDA:8,0,1,1
BRDA:27,1,0,0
BRDA:27,1,1,1
BRDA:31,2,0,0
BRDA:31,2,1,1
BRF:6
BRH:4
end_of_record
TN:
SF:src/controllers/postController.ts
FN:6,(anonymous_0)
FN:21,(anonymous_1)
FN:34,(anonymous_2)
FNF:3
FNH:3
FNDA:2,(anonymous_0)
FNDA:2,(anonymous_1)
FNDA:1,(anonymous_2)
DA:6,3
DA:7,2
DA:8,2
DA:9,2
DA:10,1
DA:13,1
DA:21,3
DA:22,2
DA:24,2
DA:25,2
DA:26,0
DA:28,2
DA:30,2
DA:34,3
DA:35,1
DA:37,1
DA:39,1
LF:17
LH:16
BRDA:9,0,0,1
BRDA:9,0,1,1
BRDA:25,1,0,0
BRDA:25,1,1,2
BRF:4
BRH:3
end_of_record
TN:
SF:src/controllers/userController.ts
FN:6,(anonymous_0)
FN:24,(anonymous_1)
FN:30,(anonymous_2)
FN:39,(anonymous_3)
FNF:4
FNH:3
FNDA:3,(anonymous_0)
FNDA:1,(anonymous_1)
FNDA:0,(anonymous_2)
FNDA:1,(anonymous_3)
DA:6,3
DA:7,3
DA:8,3
DA:10,3
DA:11,3
DA:12,2
DA:14,1
DA:24,3
DA:25,1
DA:26,1
DA:30,3
DA:31,0
DA:32,0
DA:33,0
DA:35,0
DA:39,3
DA:40,1
DA:41,1
DA:42,1
DA:43,0
LF:20
LH:15
BRDA:11,0,0,2
BRDA:11,0,1,1
BRDA:32,1,0,0
BRDA:32,1,1,0
BRF:4
BRH:2
end_of_record
TN:
SF:src/middlewares/addressValidation.ts
FN:10,(anonymous_0)
FN:23,(anonymous_1)
FN:34,(anonymous_2)
FN:49,(anonymous_3)
FNF:4
FNH:4
FNDA:3,(anonymous_0)
FNDA:3,(anonymous_1)
FNDA:2,(anonymous_2)
FNDA:2,(anonymous_3)
DA:6,3
DA:11,3
DA:12,3
DA:13,1
DA:14,1
DA:16,2
DA:20,3
DA:24,3
DA:25,3
DA:26,1
DA:27,1
DA:29,2
DA:34,3
DA:35,2
DA:36,2
DA:37,2
DA:38,2
DA:39,1
DA:40,1
DA:42,1
DA:44,0
DA:49,3
DA:50,2
DA:52,2
DA:53,2
DA:54,2
DA:55,1
DA:56,1
DA:58,1
DA:60,0
LF:30
LH:28
BRDA:12,0,0,1
BRDA:12,0,1,2
BRDA:25,1,0,1
BRDA:25,1,1,2
BRDA:35,2,0,2
BRDA:35,2,1,0
BRDA:38,3,0,1
BRDA:38,3,1,1
BRDA:54,4,0,1
BRDA:54,4,1,1
BRF:10
BRH:9
end_of_record
TN:
SF:src/middlewares/errorHandler.ts
FN:4,(anonymous_0)
FNF:1
FNH:1
FNDA:1,(anonymous_0)
DA:4,3
DA:10,1
DA:12,1
DA:13,0
DA:16,1
LF:5
LH:4
BRDA:12,0,0,0
BRDA:12,0,1,1
BRF:2
BRH:1
end_of_record
TN:
SF:src/middlewares/postValidation.ts
FN:11,(anonymous_0)
FN:26,(anonymous_1)
FN:53,(anonymous_2)
FN:71,(anonymous_3)
FNF:4
FNH:3
FNDA:3,(anonymous_0)
FNDA:4,(anonymous_1)
FNDA:3,(anonymous_2)
FNDA:0,(anonymous_3)
DA:8,3
DA:12,3
DA:13,3
DA:14,1
DA:15,1
DA:17,2
DA:21,3
DA:27,4
DA:29,4
DA:30,4
DA:31,1
DA:32,1
DA:35,3
DA:36,3
DA:37,3
DA:38,1
DA:39,1
DA:41,2
DA:42,2
DA:43,0
DA:44,0
DA:47,2
DA:49,0
DA:53,3
DA:54,3
DA:56,3
DA:57,3
DA:58,3
DA:59,2
DA:60,2
DA:62,1
DA:64,0
DA:68,3
DA:72,0
DA:73,0
DA:74,0
DA:76,0
LF:37
LH:29
BRDA:13,0,0,1
BRDA:13,0,1,2
BRDA:30,1,0,1
BRDA:30,1,1,3
BRDA:37,2,0,1
BRDA:37,2,1,2
BRDA:42,3,0,0
BRDA:42,3,1,2
BRDA:58,4,0,2
BRDA:58,4,1,1
BRDA:73,5,0,0
BRDA:73,5,1,0
BRF:12
BRH:9
end_of_record
TN:
SF:src/middlewares/userValidation.ts
FN:10,(anonymous_0)
FN:34,(anonymous_1)
FN:50,(anonymous_2)
FNF:3
FNH:3
FNDA:3,(anonymous_0)
FNDA:3,(anonymous_1)
FNDA:2,(anonymous_2)
DA:6,3
DA:12,3
DA:13,3
DA:14,1
DA:15,1
DA:18,2
DA:19,2
DA:20,2
DA:21,1
DA:22,1
DA:25,1
DA:27,0
DA:34,3
DA:35,3
DA:36,3
DA:38,3
DA:39,0
DA:40,0
DA:43,3
DA:44,3
DA:46,3
DA:50,3
DA:51,2
DA:52,2
DA:53,2
DA:54,2
DA:55,2
DA:57,0
DA:59,0
LF:29
LH:24
BRDA:13,0,0,1
BRDA:13,0,1,2
BRDA:20,1,0,1
BRDA:20,1,1,1
BRDA:35,2,0,3
BRDA:35,2,1,1
BRDA:36,3,0,3
BRDA:36,3,1,0
BRDA:38,4,0,0
BRDA:38,4,1,3
BRDA:53,5,0,2
BRDA:53,5,1,0
BRF:12
BRH:9
end_of_record
TN:
SF:src/models/addressModel.ts
FN:3,(anonymous_0)
FN:6,(anonymous_1)
FN:8,(anonymous_2)
FNF:3
FNH:0
FNDA:0,(anonymous_0)
FNDA:0,(anonymous_1)
FNDA:0,(anonymous_2)
DA:3,3
DA:4,0
DA:6,3
DA:8,3
DA:9,0
DA:13,0
LF:6
LH:3
BRF:0
BRH:0
end_of_record
TN:
SF:src/models/postModel.ts
FN:3,(anonymous_0)
FN:7,(anonymous_1)
FN:11,(anonymous_2)
FN:15,(anonymous_3)
FNF:4
FNH:0
FNDA:0,(anonymous_0)
FNDA:0,(anonymous_1)
FNDA:0,(anonymous_2)
FNDA:0,(anonymous_3)
DA:3,3
DA:4,0
DA:7,3
DA:8,0
DA:11,3
DA:12,0
DA:15,3
DA:16,0
LF:8
LH:4
BRF:0
BRH:0
end_of_record
TN:
SF:src/models/userModel.ts
FN:4,(anonymous_0)
FN:15,(anonymous_1)
FN:23,(anonymous_2)
FN:31,(anonymous_3)
FNF:4
FNH:0
FNDA:0,(anonymous_0)
FNDA:0,(anonymous_1)
FNDA:0,(anonymous_2)
FNDA:0,(anonymous_3)
DA:4,3
DA:5,0
DA:7,0
DA:8,0
DA:12,0
DA:15,3
DA:16,0
DA:23,3
DA:24,0
DA:31,3
DA:32,0
DA:33,0
DA:35,0
LF:13
LH:4
BRDA:7,0,0,0
BRDA:7,0,1,0
BRDA:7,1,0,0
BRDA:7,1,1,0
BRDA:32,2,0,0
BRDA:32,2,1,0
BRF:6
BRH:0
end_of_record
TN:
SF:src/routes/addressRoutes.ts
FNF:0
FNH:0
DA:11,3
DA:13,3
DA:15,3
DA:17,3
LF:4
LH:4
BRF:0
BRH:0
end_of_record
TN:
SF:src/routes/postRoutes.ts
FNF:0
FNH:0
DA:29,3
DA:32,3
DA:35,3
DA:38,3
LF:4
LH:4
BRF:0
BRH:0
end_of_record
TN:
SF:src/routes/userRoutes.ts
FNF:0
FNH:0
DA:11,3
DA:14,3
DA:16,3
DA:18,3
DA:20,3
LF:5
LH:5
BRF:0
BRH:0
end_of_record
TN:
SF:src/utils/asyncHandler.ts
FN:3,(anonymous_0)
FN:4,(anonymous_1)
FNF:2
FNH:2
FNDA:30,(anonymous_0)
FNDA:14,(anonymous_1)
DA:3,3
DA:4,30
DA:5,14
LF:3
LH:3
BRF:0
BRH:0
end_of_record
