TN:
SF:src/server.ts
FN:27,(anonymous_1)
FN:33,(anonymous_2)
FN:38,(anonymous_3)
FN:46,(anonymous_4)
FN:47,(anonymous_5)
FN:52,(anonymous_6)
FNF:6
FNH:1
FNDA:1,(anonymous_1)
FNDA:0,(anonymous_2)
FNDA:0,(anonymous_3)
FNDA:0,(anonymous_4)
FNDA:0,(anonymous_5)
FNDA:0,(anonymous_6)
DA:1,3
DA:2,3
DA:3,3
DA:4,3
DA:5,3
DA:6,3
DA:7,3
DA:8,3
DA:9,3
DA:12,3
DA:15,3
DA:18,3
DA:19,3
DA:22,3
DA:23,3
DA:24,3
DA:27,3
DA:28,1
DA:33,3
DA:34,0
DA:35,0
DA:38,3
DA:39,0
DA:40,0
DA:44,3
DA:45,0
DA:46,0
DA:47,0
DA:51,0
DA:52,0
DA:53,0
DA:56,3
LF:32
LH:22
BRDA:44,0,0,0
BRDA:51,1,0,0
BRDA:51,1,1,0
BRF:3
BRH:0
end_of_record
TN:
SF:src/config/database.ts
FNF:0
FNH:0
DA:1,7
DA:2,7
DA:4,7
DA:6,7
DA:14,7
LF:5
LH:5
BRF:0
BRH:0
end_of_record
TN:
SF:src/config/express.ts
FN:3,(anonymous_1)
FNF:1
FNH:1
FNDA:3,(anonymous_1)
DA:1,3
DA:3,3
DA:4,3
DA:5,3
DA:7,3
DA:9,3
LF:6
LH:6
BRF:0
BRH:0
end_of_record
TN:
SF:src/controllers/addressController.ts
FN:5,(anonymous_0)
FN:15,(anonymous_1)
FN:22,(anonymous_2)
FNF:3
FNH:3
FNDA:2,(anonymous_0)
FNDA:1,(anonymous_1)
FNDA:1,(anonymous_2)
DA:2,3
DA:5,3
DA:6,2
DA:7,2
DA:8,2
DA:9,1
DA:11,1
DA:15,3
DA:16,1
DA:17,1
DA:18,1
DA:22,3
DA:23,1
DA:24,1
DA:25,1
DA:27,1
DA:28,0
DA:30,1
DA:31,1
DA:32,0
DA:34,1
DA:36,0
DA:37,0
LF:23
LH:19
BRDA:8,0,0,1
BRDA:27,1,0,0
BRDA:31,2,0,0
BRF:3
BRH:1
end_of_record
TN:
SF:src/controllers/postController.ts
FN:6,(anonymous_1)
FN:21,(anonymous_2)
FN:34,(anonymous_3)
FNF:3
FNH:3
FNDA:2,(anonymous_1)
FNDA:2,(anonymous_2)
FNDA:1,(anonymous_3)
DA:2,3
DA:3,3
DA:6,3
DA:7,2
DA:8,2
DA:9,2
DA:10,1
DA:13,1
DA:21,3
DA:22,2
DA:24,2
DA:25,2
DA:26,0
DA:28,2
DA:30,2
DA:34,3
DA:35,1
DA:37,1
DA:39,1
LF:19
LH:18
BRDA:9,0,0,1
BRDA:25,1,0,0
BRF:2
BRH:1
end_of_record
TN:
SF:src/controllers/userController.ts
FN:6,(anonymous_1)
FN:24,(anonymous_2)
FN:30,(anonymous_3)
FN:39,(anonymous_4)
FNF:4
FNH:3
FNDA:3,(anonymous_1)
FNDA:1,(anonymous_2)
FNDA:0,(anonymous_3)
FNDA:1,(anonymous_4)
DA:2,3
DA:3,3
DA:6,3
DA:7,3
DA:8,3
DA:10,3
DA:11,3
DA:12,2
DA:14,1
DA:24,3
DA:25,1
DA:26,1
DA:30,3
DA:31,0
DA:32,0
DA:33,0
DA:35,0
DA:39,3
DA:40,1
DA:41,1
DA:42,0
LF:21
LH:16
BRDA:11,0,0,2
BRDA:32,1,0,0
BRF:2
BRH:1
end_of_record
TN:
SF:src/middlewares/addressValidation.ts
FN:10,(anonymous_0)
FN:23,(anonymous_1)
FN:34,(anonymous_2)
FN:49,(anonymous_3)
FNF:4
FNH:4
FNDA:3,(anonymous_0)
FNDA:3,(anonymous_1)
FNDA:2,(anonymous_2)
FNDA:2,(anonymous_3)
DA:2,3
DA:3,3
DA:6,3
DA:11,3
DA:12,3
DA:13,1
DA:14,1
DA:16,2
DA:20,3
DA:24,3
DA:25,3
DA:26,1
DA:27,1
DA:29,2
DA:34,3
DA:35,2
DA:36,2
DA:37,2
DA:38,2
DA:39,1
DA:40,1
DA:42,1
DA:44,0
DA:49,3
DA:50,2
DA:52,2
DA:53,2
DA:54,2
DA:55,1
DA:56,1
DA:58,1
DA:60,0
LF:32
LH:30
BRDA:12,0,0,1
BRDA:25,1,0,1
BRDA:35,2,0,2
BRDA:35,2,1,0
BRDA:38,3,0,1
BRDA:54,4,0,1
BRF:6
BRH:5
end_of_record
TN:
SF:src/middlewares/errorHandler.ts
FN:4,(anonymous_0)
FNF:1
FNH:1
FNDA:1,(anonymous_0)
DA:4,3
DA:10,1
DA:12,1
DA:13,0
DA:16,1
LF:5
LH:4
BRDA:12,0,0,0
BRF:1
BRH:0
end_of_record
TN:
SF:src/middlewares/postValidation.ts
FN:11,(anonymous_1)
FN:27,(anonymous_2)
FN:59,(anonymous_3)
FN:77,(anonymous_4)
FNF:4
FNH:3
FNDA:3,(anonymous_1)
FNDA:4,(anonymous_2)
FNDA:3,(anonymous_3)
FNDA:0,(anonymous_4)
DA:2,3
DA:3,3
DA:4,3
DA:5,3
DA:8,3
DA:12,3
DA:13,3
DA:14,1
DA:15,1
DA:17,2
DA:22,3
DA:28,4
DA:30,4
DA:31,4
DA:32,1
DA:33,1
DA:36,3
DA:38,3
DA:39,3
DA:40,1
DA:41,1
DA:45,2
DA:46,2
DA:47,0
DA:48,0
DA:51,2
DA:53,0
DA:59,3
DA:60,3
DA:62,3
DA:63,3
DA:64,3
DA:65,2
DA:66,2
DA:68,1
DA:70,0
DA:74,3
DA:78,0
DA:79,0
DA:80,0
DA:82,0
LF:41
LH:33
BRDA:13,0,0,1
BRDA:31,1,0,1
BRDA:39,2,0,1
BRDA:46,3,0,0
BRDA:64,4,0,2
BRDA:79,5,0,0
BRF:6
BRH:4
end_of_record
TN:
SF:src/middlewares/userValidation.ts
FN:10,(anonymous_1)
FN:32,(anonymous_2)
FN:48,(anonymous_3)
FNF:3
FNH:3
FNDA:3,(anonymous_1)
FNDA:3,(anonymous_2)
FNDA:2,(anonymous_3)
DA:2,3
DA:3,3
DA:6,3
DA:11,3
DA:12,3
DA:13,1
DA:14,1
DA:17,2
DA:18,2
DA:19,2
DA:20,1
DA:21,1
DA:24,1
DA:26,0
DA:32,3
DA:33,3
DA:34,3
DA:36,3
DA:37,0
DA:38,0
DA:41,3
DA:42,3
DA:44,3
DA:48,3
DA:49,2
DA:50,2
DA:51,2
DA:52,2
DA:53,2
DA:55,0
DA:57,0
LF:31
LH:26
BRDA:12,0,0,1
BRDA:19,1,0,1
BRDA:33,2,0,3
BRDA:33,2,1,1
BRDA:34,3,0,3
BRDA:34,3,1,0
BRDA:36,4,0,0
BRDA:51,5,0,2
BRF:8
BRH:6
end_of_record
TN:
SF:src/models/addressModel.ts
FN:3,(anonymous_1)
FN:6,(anonymous_2)
FN:8,(anonymous_3)
FNF:3
FNH:0
FNDA:0,(anonymous_1)
FNDA:0,(anonymous_2)
FNDA:0,(anonymous_3)
DA:1,3
DA:3,3
DA:4,0
DA:6,3
DA:8,3
DA:9,0
DA:13,0
LF:7
LH:4
BRF:0
BRH:0
end_of_record
TN:
SF:src/models/postModel.ts
FN:3,(anonymous_1)
FN:7,(anonymous_2)
FN:11,(anonymous_3)
FN:15,(anonymous_4)
FNF:4
FNH:0
FNDA:0,(anonymous_1)
FNDA:0,(anonymous_2)
FNDA:0,(anonymous_3)
FNDA:0,(anonymous_4)
DA:1,3
DA:3,3
DA:4,0
DA:7,3
DA:8,0
DA:11,3
DA:12,0
DA:15,3
DA:16,0
LF:9
LH:5
BRF:0
BRH:0
end_of_record
TN:
SF:src/models/userModel.ts
FN:4,(anonymous_1)
FN:16,(anonymous_2)
FN:24,(anonymous_3)
FN:32,(anonymous_4)
FNF:4
FNH:0
FNDA:0,(anonymous_1)
FNDA:0,(anonymous_2)
FNDA:0,(anonymous_3)
FNDA:0,(anonymous_4)
DA:1,3
DA:4,3
DA:5,0
DA:7,0
DA:8,0
DA:12,0
DA:16,3
DA:17,0
DA:24,3
DA:25,0
DA:32,3
DA:33,0
DA:34,0
DA:36,0
LF:14
LH:5
BRDA:7,0,0,0
BRDA:7,1,0,0
BRDA:7,1,1,0
BRDA:33,2,0,0
BRF:4
BRH:0
end_of_record
TN:
SF:src/routes/addressRoutes.ts
FNF:0
FNH:0
DA:19,3
DA:20,3
DA:25,3
DA:26,3
DA:28,3
DA:30,3
DA:32,3
DA:34,3
DA:36,3
LF:9
LH:9
BRF:0
BRH:0
end_of_record
TN:
SF:src/routes/postRoutes.ts
FNF:0
FNH:0
DA:20,3
DA:21,3
DA:26,3
DA:27,3
DA:29,3
DA:32,3
DA:35,3
DA:38,3
DA:40,3
LF:9
LH:9
BRF:0
BRH:0
end_of_record
TN:
SF:src/routes/userRoutes.ts
FNF:0
FNH:0
DA:1,3
DA:2,3
DA:8,3
DA:9,3
DA:11,3
DA:14,3
DA:16,3
DA:18,3
DA:20,3
DA:22,3
LF:10
LH:10
BRF:0
BRH:0
end_of_record
TN:
SF:src/utils/asyncHandler.ts
FN:3,(anonymous_0)
FN:4,(anonymous_1)
FNF:2
FNH:2
FNDA:30,(anonymous_0)
FNDA:14,(anonymous_1)
DA:3,3
DA:4,30
DA:5,14
LF:3
LH:3
BRF:0
BRH:0
end_of_record
